[1] The postings lists section has 17994225018 bytes
[1] Doc map starts at 17994225066
[1] Loading 8110563 documents...
[55097] Finished loading document map.
[55097] Lexicon starts at 18722778927
[55097] Loading 18498889 lexemes...
[220730] Lexicon ends at 19495009631
[220730] Finished loading lexicon.
Query >> gumbo
Results for: gumbo, 
Word: gumbo
(10687) pinterest.com/explore/love-this: 75
(11255) pinterest.com/pin/540220917773992684: 140, 142
(15964) wikipedia.org/wiki/Wikipedia:Featured_articles: 3068
(23542) otaku-cave.deviantart.com: 527
(48039) pinterest.com/pin/30680841191544403: 120
(55835) pinterest.com/pin/25262447890131551: 83, 85, 88, 101, 105, 122
(56624) pinterest.com/explore/food-seafood-shrimp: 410, 433, 437, 445
(98516) burnpit.us: 232
(102753) soedidee.blogspot.com: 3992
(102783) soedidee.blogspot.com.br: 3992
(102817) soedidee.blogspot.com.br/2017/01/10000.html: 2144
(102896) soedidee.blogspot.com.br/2017/03/needlework-abcs.html: 2146
(102918) soedidee.blogspot.com.br/2017/02/handwerkbeurs-zwolle.html: 2213
(102951) soedidee.blogspot.com.br/2016/11/de-meisjes-van-de-bee.html: 2243
(102963) soedidee.blogspot.com.br/2016/10/de-quiltwinkel-van-soed-idee.html: 2341
(102990) laddalovers.blogspot.com: 1565
(103013) laddalovers.blogspot.com.br: 1565
(103040) laddalovers.blogspot.com.br/2012/04/abcd.html: 941
(103063) laddalovers.blogspot.com.br/2012/02/abcd.html: 911
(103086) laddalovers.blogspot.com.br/2012/07/like-home.html: 916
(103104) laddalovers.blogspot.com.br/2012/05/my-pocket.html: 926
(103120) laddalovers.blogspot.com.br/2012/03/little-tree.html: 967
(103133) laddalovers.blogspot.com.br/2012/03/tis-green.html: 956
(103142) laddalovers.blogspot.com.br/2016/09/eliza-mitchell.html: 894
(103372) weekendywdomuiogrodzie.blogspot.com.br/2017: 2102, 2129, 2156, 2176, 2225, 2240, 6779
(108294) wyattgardens.blogspot.com: 565
(108320) wyattgardens.blogspot.com.br: 565
(108344) wyattgardens.blogspot.com.br/2017: 565
(108368) wyattgardens.blogspot.com.br/2017/04: 566
(112170) shaunaroberts.com/2012: 3322, 3540, 3563, 3569, 3575, 3587, 3648
(112196) talliroland.blogspot.com: 7856
(112227) talliroland.blogspot.com.br: 7856
(112267) talliroland.blogspot.com.br/2017/01: 2087
(112284) talliroland.blogspot.com.br/2015: 3468
(112310) talliroland.blogspot.com.br/2015/08: 2301
(112316) talliroland.blogspot.com.br/2015/07: 2358
(112320) talliroland.blogspot.com.br/2015/03: 2547
(112324) talliroland.blogspot.com.br/2014: 8880
(112326) talliroland.blogspot.com.br/2014/11: 2254
(126320) bluehenhollow.blogspot.com: 4935
(126535) ohiofarmgirl.blogspot.com.br: 1303
(126566) ohiofarmgirl.blogspot.com.br/2017: 524
(126596) ohiofarmgirl.blogspot.com.br/2017/01: 525
(126624) ohiofarmgirl.blogspot.com.br/2016: 2879
(126647) ohiofarmgirl.blogspot.com.br/2016/12: 415
(126697) ohiofarmgirl.blogspot.com.br/2016/06: 730
(126710) ohiofarmgirl.blogspot.com.br/2016/05: 1622
(132817) domesticatedgyspy.blogspot.com: 1909
(135938) fang-tasticbooks.blogspot.com: 3081
(135967) fang-tasticbooks.blogspot.com.br: 3081
(137910) addictedtopolish.blogspot.com.br/2017: 4782
(137937) addictedtopolish.blogspot.com.br/2017/03: 3303
(137959) addictedtopolish.blogspot.com.br/2017/02: 3866
(138020) addictedtopolish.blogspot.com.br/2016/12: 3085
(138026) addictedtopolish.blogspot.com.br/2016/10: 3336
(138027) addictedtopolish.blogspot.com.br/2016/09: 3242
(139650) landrysinc.com: 1145
(139677) landrysinc.com/default.asp: 1145
(148801) hyacinthforthesoul.blogspot.com/2012/11/celebrate.html: 8824
(148830) hyacinthforthesoul.blogspot.com/2013/08/breakfast-on-terrace.html: 7987
(148857) hyacinthforthesoul.blogspot.com/2016/04/garden-girl.html: 10137
(148908) hyacinthforthesoul.blogspot.com/2015/09/t-is-for-tray.html: 7042
(148932) hyacinthforthesoul.blogspot.com/2015/07/i-is-for-iris.html: 6971
(148952) hyacinthforthesoul.blogspot.com/2013/02/contain-it.html: 8345
(148963) hyacinthforthesoul.blogspot.com/2013/06/muy-bueno.html: 7649
(148966) hyacinthforthesoul.blogspot.com/2013/12/feliz-navidad.html: 5753
(152734) gatheratthefarm.blogspot.com.br/2009/01: 1716, 1864, 1887, 2138
(156577) msenplace.blogspot.com: 1399, 1536
(156601) msenplace.blogspot.com.br: 1399, 1536
(156638) msenplace.blogspot.com.br/2015/04/chips-for-supper-taco-casserole.html: 763, 1103, 1240
(156652) msenplace.blogspot.com/2012/09/esta-rojo.html: 648, 785
(156668) msenplace.blogspot.com.br/2012/09/esta-rojo.html: 648, 785
(156686) msenplace.blogspot.com.br/2012/09/see-ya-in-gumbo-48-potluck.html: 7, 20, 26, 45, 64, 77, 218, 563, 700
(156856) atravelingfish.blogspot.com.br: 677
(156884) atravelingfish.blogspot.com.br/2016: 477
(156903) atravelingfish.blogspot.com.br/2016/10: 407
(156923) atravelingfish.blogspot.com.br/2016/09: 152
(157327) tcoverride.blogspot.com: 3473
(157347) tcoverride.blogspot.com.br: 3473
(157371) tcoverride.blogspot.com.br/2017/03/shop-lot.html: 238
(157420) tcoverride.blogspot.com.br/2016/11/oh-i-forgot-to-mention.html: 231
(157442) tcoverride.blogspot.com.br/2016/11/driver-hold-up-right-here.html: 2148
(157448) pawpawshouse.blogspot.com.br/2017/02: 10960, 11013, 13769
(157458) tcoverride.blogspot.com.br/2016/11/tap-tap-tap-is-this-thing-on.html: 725
(157472) tcoverride.blogspot.com.br/2015/02/call-me-mister.html: 1184
(157478) pawpawshouse.blogspot.com.br/2016: 2999, 3006, 3017, 3030
(157494) pawpawshouse.blogspot.com.br/2016/11: 1718, 1820, 1825, 1865, 1900, 14154
(158087) scrappycat.blogspot.com.br/2014: 2585
(159606) thefreewheelingroover.blogspot.com: 1330
(159638) thefreewheelingroover.blogspot.com.br: 1330
(162063) limitedinc.blogspot.com.br/2013: 6918
(166218) dailyconnoisseur.blogspot.com: 2508
(170386) karamino.blogspot.com: 625
(170451) karamino.blogspot.com.br/2016: 605
(170479) karamino.blogspot.com.br/2016/10: 505
(170532) karamino.blogspot.com.br/2015: 573
(170577) karamino.blogspot.com.br/2015/09: 444
(173680) yougogirl.typepad.com/you_go_girl: 2259
(173734) yougogirl.typepad.com/you_go_girl/fabric/page/2: 3221
(173756) yougogirl.typepad.com/you_go_girl/fun-with-fabric: 2078
(176111) quakerinspired.blogspot.com: 403
(176142) quakerinspired.blogspot.com.br/2007/04: 403
(176195) quakerinspired.blogspot.com.br/2007/06: 403
(176222) quakerinspired.blogspot.com.br/2007/07: 403
(176284) quakerinspired.blogspot.com.br/2007/10: 403
(178025) twobearsfarm.com/2012: 2034
(180171) cemzie.blogspot.com.br/2016: 279
(180194) cemzie.blogspot.com.br/2016/12: 280
(182093) devarim.com: 889, 891
(182388) pumpkinpatchgarden.blogspot.com.br: 2268
(182405) pumpkinpatchgarden.blogspot.com.br/2017: 1237
(182422) pumpkinpatchgarden.blogspot.com.br/2017/04: 1238
(182436) pumpkinpatchgarden.blogspot.com.br/2013: 5141
(182448) pumpkinpatchgarden.blogspot.com.br/2013/07: 1168
(182454) pumpkinpatchgarden.blogspot.com.br/2013/05: 906
(184407) jasapaal.blogspot.com: 1286
(184557) deongeletterdewanhoop.blogspot.com.br/2016/08: 164
(184564) les-bruits-magiques.blogspot.com: 5747
(184592) les-bruits-magiques.blogspot.com.br: 5747
(184612) afrofunkybrassjazz.blogspot.com.br: 1321
(184618) les-bruits-magiques.blogspot.com.br/2017: 5747
(184657) afrofunkybrassjazz.blogspot.com.br/2011/10: 1027
(184675) afrofunkybrassjazz.blogspot.com.br/2011/09: 1063
(184691) afrofunkybrassjazz.blogspot.com.br/2011/08: 979
(184713) afrofunkybrassjazz.blogspot.com.br/2011/06: 975
(185069) perfectpair.blogspot.com.br/2013/02: 590
(186190) janegs.blogspot.com: 5291, 5715
(205935) pamsmidwestkitchenkorner.blogspot.com: 1385
(205966) pamsmidwestkitchenkorner.blogspot.com.br/2017: 1254
(208724) 70disconights.blogspot.com: 1454
(208765) dreumis.blogspot.com.br: 35619
(208795) dreumis.blogspot.com.br/2013/04/mixed-styles.html: 35619
(208816) 70disconights.blogspot.com.br/2016: 1126
(208822) dreumis.blogspot.com.br/2016/12/lossless-blues.html: 2036, 31785
(208849) dreumis.blogspot.com.br/2013/09/albums-v-z.html: 37855
(208873) dreumis.blogspot.com.br/2013/09/albums-s-u.html: 25191, 30590
(208893) dreumis.blogspot.com.br/2010/01/albums-i-q.html: 1146, 47313, 56382, 63338, 73911
(209064) awesomeometer.blogspot.com.br/2007: 3352
(210546) thegirdleofmelian.blogspot.com: 5807
(210601) thegirdleofmelian.blogspot.com.br/2017/04: 5813
(210624) thegirdleofmelian.blogspot.com.br/2017/03: 6207
(210668) thegirdleofmelian.blogspot.com.br/2017/01: 5781
(210694) thegirdleofmelian.blogspot.com.br/2016/12: 5755
(210701) thegirdleofmelian.blogspot.com.br/2016/11: 5624
(210705) thegirdleofmelian.blogspot.com.br/2016/10: 5487
(210706) thegirdleofmelian.blogspot.com.br/2016/09: 6224
(210707) thegirdleofmelian.blogspot.com.br/2016/08: 5969
(210837) poseysessions.blogspot.com: 1144
(210860) poseysessions.blogspot.com.br: 1144
(210882) poseysessions.blogspot.com.br/2017: 1144
(213231) hominiscanidae.org: 6436
(213257) hominiscanidae.org/p/sobrecontato.html: 4245
(213280) hominiscanidae.org/2017: 11384
(213328) hominiscanidae.org/2017/04: 7078
(213384) hominiscanidae.org/2017/01: 11563
(213396) hominiscanidae.org/2016: 13028
(216456) foodcrazie.blogspot.com: 1780, 1820
(216489) foodcrazie.blogspot.com.br: 1780, 1820
(216556) foodcrazie.blogspot.com.br/2013: 1012, 1052
(216582) foodcrazie.blogspot.com.br/2012: 1320, 1386, 1392, 1421, 1433, 1466, 1496, 1801, 1810, 1982, 2360, 2400
(216611) foodcrazie.blogspot.com.br/2011: 1397, 1437
(224475) marjasmoestuin.blogspot.com: 4741
(224500) marjasmoestuin.blogspot.com.br: 4741
(224514) marjasmoestuin.blogspot.com.br/2011: 770
(224534) marjasmoestuin.blogspot.com.br/2011/01: 771
(224551) marjasmoestuin.blogspot.com.br/2010: 9034
(224573) marjasmoestuin.blogspot.com.br/2010/10: 881
(230520) travelingrainvilles.typepad.com/traveling_home: 1481
(232508) onlygoodsong.net/2014: 2980
(232534) onlygoodsong.net/2013: 2482
(234590) busyveganmama.blogspot.com.br: 289, 325, 378, 2710
(234633) busyveganmama.blogspot.com.br/2016/04: 1608
(234657) busyveganmama.blogspot.com.br/2016/03: 156, 192, 245, 2811, 3976
(234668) busyveganmama.blogspot.com.br/2016/02: 2863
(234682) busyveganmama.blogspot.com.br/2016/01: 3332
(234694) busyveganmama.blogspot.com.br/2015: 2515
(234704) busyveganmama.blogspot.com.br/2015/12: 2516
(236166) 40ishfannie.blogspot.com: 1212
(236200) 40ishfannie.blogspot.com.br: 1212
(246862) berkeleyside.com/nosh-guide/breakfast-brunch: 956
(247890) octoberfarm.blogspot.com.br/2017: 2746, 3715, 3716, 5900
(247942) octoberfarm.blogspot.com.br/2017/03: 2821, 3790, 3791, 5975
(247967) octoberfarm.blogspot.com.br/2017/02: 2306, 3275, 3276, 5460
(247985) octoberfarm.blogspot.com.br/2017/01: 3018, 3987, 3988, 6172
(248039) bwstitches.blogspot.com: 3501
(248069) bwstitches.blogspot.com.br/2009: 5174
(248101) bwstitches.blogspot.com.br/2008: 7589
(248191) bwstitches.blogspot.com.br/2009/02: 2455
(248203) bwstitches.blogspot.com.br/2009/01: 2809
(248210) bwstitches.blogspot.com.br/2008/11: 4584
(249942) magicflavours.blogspot.com: 2552, 3234, 4850
(250018) magicflavours.blogspot.com.br/2012/05: 2555, 3237, 4853
(250041) magicflavours.blogspot.com.br/2012/02: 2855, 3537, 5153
(250075) magicflavours.blogspot.com.br/2011/12: 2971, 3653, 5269
(252181) tanamsendiri.com/2016: 8087, 8112, 8831
(252274) tanamsendiri.com/2012: 4998, 5006
(253241) cajundelights.blogspot.com: 2936
(253276) cajundelights.blogspot.com.br: 2936
(253300) cajundelights.blogspot.com.br/2017: 1111
(253318) cajundelights.blogspot.com.br/2017/02: 1112
(253355) cajundelights.blogspot.com.br/2016/12: 1740
(257408) alexgeorgebooks.com/books: 429
(258769) mac-uponmymind.blogspot.com: 4397
(258821) mac-uponmymind.blogspot.com.br/2013: 2179
(258843) mac-uponmymind.blogspot.com.br/2013/10: 2180
(258859) mac-uponmymind.blogspot.com.br/2012: 3780
(258872) mac-uponmymind.blogspot.com.br/2012/07: 2627
(258882) mac-uponmymind.blogspot.com.br/2012/06: 3245
(258898) mac-uponmymind.blogspot.com.br/2011/07: 2229
(259305) blog.resy.com: 3355
(268492) poetrose24.blogspot.com: 441
(268550) handmadebyamalia.blogspot.com.br/2017/03/wake-up.html: 796
(268554) poetrose24.blogspot.com.br/2017/03/spring-is-beginning.html: 623
(268604) poetrose24.blogspot.com.br/2017/03/the-shack.html: 858
(268650) handmadebyamalia.blogspot.com.br/2017/02/theyll-miss-me-when-im-gone.html: 818
(268654) poetrose24.blogspot.com.br/2017/02/sharing-poem.html: 413
(268673) handmadebyamalia.blogspot.com.br/2017/02/and-time-for-every-purpose.html: 539
(268698) itsjustdottie.blogspot.com: 915
(268723) itsjustdottie.blogspot.com.br: 915
(268739) itsjustdottie.blogspot.com.br/2015/12/blog-post.html: 109, 592
(268803) itsjustdottie.blogspot.com.br/2015/12/christmas-is-falling-oh-so-softly.html: 494
(270162) quiltsinthebarnaus.blogspot.com: 2344
(270184) quiltsinthebarnaus.blogspot.com.br: 2344
(270213) quiltsinthebarnaus.blogspot.com.br/2016: 1043
(270304) quiltsinthebarnaus.blogspot.com.br/2015: 2981
(270325) quiltsinthebarnaus.blogspot.com.br/2015/12: 699
(270338) quiltsinthebarnaus.blogspot.com.br/2015/11: 672
(270346) quiltsinthebarnaus.blogspot.com.br/2015/10: 745
(271721) karinabeck.blogspot.com: 643
(271786) karinabeck.blogspot.com.br/2016: 1732
(271822) karinabeck.blogspot.com.br/2014: 2279
(271837) karinabeck.blogspot.com.br/2013: 1781
(271846) karinabeck.blogspot.com.br/2012: 1626
(271857) karinabeck.blogspot.com.br/2011: 1618
(271863) karinabeck.blogspot.com.br/2010: 2054
(271865) karinabeck.blogspot.com.br/2009: 1730
(278007) settledinshipping.blogspot.com: 8212, 13836
(278027) settledinshipping.blogspot.com.br: 8212, 13836
(278118) settledinshipping.blogspot.com.br/2013: 4822, 10446
(281113) thedailymeal.com: 1397
(290066) happywonderer.com: 1570
(296860) nooraimie.blogspot.com: 114
(296889) nooraimie.blogspot.com.br: 114
(296917) nooraimie.blogspot.com.br/2015: 114
(296942) nooraimie.blogspot.com.br/2015/04: 115
(300107) montanaforreal.blogspot.com: 2278
(300156) montanaforreal.blogspot.com.br/2015/11/on-mend.html: 183
(310797) elplacerdemicocina.blogspot.com.br/p/recetario-salado.html: 267
(312657) astitchimgfrenzy.blogspot.com.br/2017: 3439
(312747) astitchimgfrenzy.blogspot.com.br/2016: 3253
(312769) astitchimgfrenzy.blogspot.com.br/2016/12: 3252
(312792) astitchimgfrenzy.blogspot.com.br/2015: 3220
(312807) astitchimgfrenzy.blogspot.com.br/2015/01: 3221
(312816) astitchimgfrenzy.blogspot.com.br/2014: 4216
(312821) astitchimgfrenzy.blogspot.com.br/2014/01: 4217
(312823) astitchimgfrenzy.blogspot.com.br/2013: 3275
(319467) timemachinego.com/morrison: 1640
(320920) dotfrank.com/index.html: 107
(320934) dotfrank.com/gbook.html: 105
(321240) fragrantliar.blogspot.com.br: 5546
(321267) fragrantliar.blogspot.com.br/2013/03: 878
(321269) savmarshmama.blogspot.com.br/2017: 2696
(321285) savmarshmama.blogspot.com.br/2017/03: 624
(321292) fragrantliar.blogspot.com.br/2012/08: 2463
(321293) savmarshmama.blogspot.com.br/2017/01: 2098
(321297) savmarshmama.blogspot.com.br/2016: 4821
(321298) savmarshmama.blogspot.com.br/2016/11: 1301
(321366) mpool.blogspot.com.br/2016: 1043
(328935) mattautumnstone.blogspot.com.br/2016: 143, 1043
(331363) pompomsponderings.blogspot.com: 605
(331383) pompomsponderings.blogspot.com.br: 605
(331429) pompomsponderings.blogspot.com.br/2017/04: 1139
(331452) pompomsponderings.blogspot.com.br/2017/03: 1845
(331487) pompomsponderings.blogspot.com.br/2017/01: 1308
(332657) kristinedavidson.blogspot.com.br/search/label/Altered: 2059
(338313) smoke-n-brew.blogspot.com.br: 926
(338329) smoke-n-brew.blogspot.com.br/2014: 926
(338346) smoke-n-brew.blogspot.com.br/2014/08: 496
(339614) bestfbothworlds.blogspot.com.br/2006/03: 1129, 1270
(342430) soul-shack.blogspot.com.br/2008/01: 7959
(351220) lisa-richards.blogspot.com.br: 3810
(351244) lisa-richards.blogspot.com.br/2017: 4942
(351267) lisa-richards.blogspot.com.br/2017/04: 1184
(351311) lisa-richards.blogspot.com.br/2017/02: 1943
(351326) lisa-richards.blogspot.com.br/2017/01: 3545
(351341) lisa-richards.blogspot.com.br/2016: 4232
(351522) storybookwoods.typepad.com/storybook_woods: 124
(352842) lorettasstitchingblog.blogspot.com: 5535
(352882) lorettasstitchingblog.blogspot.com.br: 5535
(352911) lorettasstitchingblog.blogspot.com.br/p/du.html: 5280
(352943) lorettasstitchingblog.blogspot.com.br/p/ducjc.html: 5450
(352970) lorettasstitchingblog.blogspot.com.br/search/label/CCN: 5809
(352995) lorettasstitchingblog.blogspot.com.br/search/label/LHN: 6505
(353015) lorettasstitchingblog.blogspot.com.br/search/label/Afghans: 5051
(353029) lorettasstitchingblog.blogspot.com.br/search/label/Alberta: 5077
(353039) lorettasstitchingblog.blogspot.com.br/search/label/Anchor: 5252
(353046) lorettasstitchingblog.blogspot.com.br/search/label/Brunch: 5167
(353469) messymimismeanderings.blogspot.com.br/2016/10: 3651
(355256) vintagewhitesblog.com: 806
(355283) vintagewhitesblog.com/2017/03: 807
(358135) dricksramblingcafe.blogspot.com/2009/09/cinnamon-brownies.html: 633
(358176) highlandsranchfoodie.com/tag/brunch: 768
(358406) davidsaysthings.wordpress.com: 3905
(360286) jamesreasoner.blogspot.com.br/2017/01: 7799
(361294) redhotvegans.com: 3158
(361321) redhotvegans.com/tag/austin-vegan-breakfast: 3800
(361346) mobettavegan.blogspot.com.br/2015: 1535, 1609, 1639, 1658, 1662, 2071
(362883) henryjenkins.org: 10151
(364241) gourmandize.com: 342
(370951) auplaisirdebienmanger.blogspot.com.br/2017/02: 1801
(371018) auplaisirdebienmanger.blogspot.com.br/2016/08: 907
(371662) embellishmentsbyslr.blogspot.com.br/2016: 473, 653, 2641, 3977
(371683) embellishmentsbyslr.blogspot.com.br/2016/11: 337, 1655
(371705) embellishmentsbyslr.blogspot.com.br/2016/10: 198, 378, 1290, 2613
(373228) onestitchcloser.blogspot.com: 4261
(373284) onestitchcloser.blogspot.com.br/2015/09: 2155
(373298) onestitchcloser.blogspot.com.br/2014: 3172
(373314) onestitchcloser.blogspot.com.br/2014/01: 3173
(373327) onestitchcloser.blogspot.com.br/2013: 5481
(373339) onestitchcloser.blogspot.com.br/2013/10: 3037
(373347) onestitchcloser.blogspot.com.br/2013/04: 2935
(376623) thirstyblogger.my: 421
(378671) neworleanspetcarelaginappe.blogspot.com.br/2014: 1368, 3361
(379211) laurasfavoritethings.blogspot.com: 4996
(379264) laurasfavoritethings.blogspot.com.br/2016/11: 1534
(379292) laurasfavoritethings.blogspot.com.br/2016/10: 4833
(379311) laurasfavoritethings.blogspot.com.br/2016/09: 4015
(379334) laurasfavoritethings.blogspot.com.br/2016/07: 3081
(379371) laurasfavoritethings.blogspot.com.br/2015: 5309
(379375) laurasfavoritethings.blogspot.com.br/2015/12: 1826
(381709) 1001-songs.blogspot.com.br/2012: 430
(383532) mysisterspantry.wordpress.com: 6793
(384262) blissedoutgrandma.blogspot.com: 1748, 1750, 1753, 1832
(384265) cjdarlington.blogspot.com: 5549
(384289) angie-ledbetter.blogspot.com.br: 3, 7, 65, 237, 4560, 4826, 5122, 6016, 6188, 6324, 6742
(384311) angie-ledbetter.blogspot.com.br/2012/12: 3, 8, 66, 305, 571, 867, 1761, 1933, 2069, 2487
(384327) blissedoutgrandma.blogspot.com.br/2016: 1314, 1316, 1319, 1398
(384332) cjdarlington.blogspot.com.br/2012/11: 910
(384351) cjdarlington.blogspot.com.br/2012/09: 663
(384352) angie-ledbetter.blogspot.com.br/2012/07: 3, 8, 66, 2684, 2950, 3246, 4140, 4312, 4448, 4866
(384371) cjdarlington.blogspot.com.br/2012/07: 1553
(384383) cjdarlington.blogspot.com.br/2012/06: 945
(384386) cjdarlington.blogspot.com.br/2012/03: 1682
(384387) angie-ledbetter.blogspot.com.br/2012/03: 3, 8, 66, 714, 980, 1276, 2170, 2342, 2478, 2896
(384391) cjdarlington.blogspot.com.br/2012/02: 863
(384392) angie-ledbetter.blogspot.com.br/2012/02: 3, 8, 66, 1409, 1675, 1971, 2865, 3037, 3173, 3591
(384597) thenewroof.blogspot.com: 367
(384598) joanies-random-rambling.blogspot.com: 4298
(384630) joanies-random-rambling.blogspot.com.br: 4298
(384656) joanies-random-rambling.blogspot.com.br/2012: 1032
(384684) joanies-random-rambling.blogspot.com.br/2012/04: 1033
(384701) joanies-random-rambling.blogspot.com.br/2011: 6215
(384719) joanies-random-rambling.blogspot.com.br/2011/10: 464
(384739) joanies-random-rambling.blogspot.com.br/2011/08: 654
(385796) yummy411.blogspot.com: 3946, 4253
(387361) hominiscanidae.org/search/label/brega-rock: 7631
(387367) hominiscanidae.org/search/label/Alambradas: 4507
(397725) karenshandiwork.blogspot.com: 532
(397783) karenshandiwork.blogspot.com.br/2017: 532
(397864) karenshandiwork.blogspot.com.br/2017/01: 533
(397884) karenshandiwork.blogspot.com.br/2016: 532
(397898) karenshandiwork.blogspot.com.br/2016/12: 533
(397919) belfontenotes.blogspot.com: 3051
(397946) belfontenotes.blogspot.com.br: 3051
(397967) lakestitcher.blogspot.com.br: 11693
(397990) lakestitcher.blogspot.com.br/2014/02/blog-stats.html: 8901
(398002) belfontenotes.blogspot.com.br/2012: 3799
(398019) lakestitcher.blogspot.com.br/2016/01/not-to-sound-ungracious.html: 9502
(398050) belfontenotes.blogspot.com.br/2010: 8452
(398085) lakestitcher.blogspot.com.br/2015/09/september-stitch-from-stash.html: 8850
(398090) belfontenotes.blogspot.com.br/2012/08/it-is-so-time.html: 2771
(398109) belfontenotes.blogspot.com.br/2012/04/i-am-ecstatic.html: 3095
(398122) belfontenotes.blogspot.com.br/2010/11/finally-fini.html: 2670
(398125) belfontenotes.blogspot.com.br/2010/04/as-promised.html: 3597
(398127) lakestitcher.blogspot.com.br/2014/04/rounding-corner-towards-60.html: 9499
(400455) lilyng2000.blogspot.com.br/2010: 3363
(402757) savingdessert.com: 710, 714
(402758) deepsouthdish.com: 360, 3133
(402773) cowgirlscountry.blogspot.com.br: 2061
(402782) cowgirlscountry.blogspot.com.br/2017: 1865
(402785) deepsouthdish.com/2016: 360, 6338, 6351, 6380, 6513, 8783
(402793) cowgirlscountry.blogspot.com.br/2017/03: 1866
(402794) deepsouthdish.com/2015: 360, 8557
(402802) deepsouthdish.com/2014: 360, 3736, 7606
(402810) cowgirlscountry.blogspot.com.br/2016/12: 3118
(402816) cowgirlscountry.blogspot.com.br/2016/11: 589, 620, 697, 841, 861, 1756, 2940
(402818) deepsouthdish.com/2012: 360, 2269, 2273, 2290, 2334, 2387, 5899, 8591, 8956
(402822) cowgirlscountry.blogspot.com.br/2016/10: 2498
(402823) cowgirlscountry.blogspot.com.br/2016/07: 2591
(402824) deepsouthdish.com/2011/09/in-remembrance.html: 362, 1522
(402825) cowgirlscountry.blogspot.com.br/2016/06: 2400
(403812) batortuga.com/books: 276
(407981) hotelmonteleone.com/history: 1151
(416440) wiesengenuss.blogspot.com: 4731
(416460) wiesengenuss.blogspot.com.br: 4731
(416489) wiesengenuss.blogspot.com.br/p/blog-page_9.html: 1222
(416504) wiesengenuss.blogspot.com.br/2011/02/ingwertee.html: 929
(416513) wiesengenuss.blogspot.com.br/2011/05/wilder-spargel.html: 1895
(419321) conencajesyaloloco.blogspot.com.br/2013/01: 2723
(422126) pearl-whyyoulittle.blogspot.com.br: 3017
(422138) pearl-whyyoulittle.blogspot.com.br/search/label/TV: 9907
(422148) pearl-whyyoulittle.blogspot.com.br/search/label/Work: 6890
(422158) pearl-whyyoulittle.blogspot.com.br/search/label/iPod: 13270
(422172) pearl-whyyoulittle.blogspot.com.br/search/label/Cats: 5222
(422181) pearl-whyyoulittle.blogspot.com.br/search/label/Yoga: 9354
(425421) pacatrue.blogspot.com: 3900, 3922, 4071, 4250, 4282
(425447) pacatrue.blogspot.com.br: 3900, 3922, 4071, 4250, 4282
(425514) pacatrue.blogspot.com.br/2010: 3767, 3789, 3938, 4117, 4149
(425787) fsbmedia.com/book_blogger_search.php: 224, 308
(426279) bettybrownbeautification.blogspot.com: 3999
(426317) bettybrownbeautification.blogspot.com/2008/07/about.html: 547
(428116) myloonyverse.com/2013: 4422, 4450
(428126) myloonyverse.com/2011: 6380
(435323) dawnmeehan.blogspot.com.br: 3649
(435348) dawnmeehan.blogspot.com.br/2010: 3649
(435752) penniwigs.blogspot.com.br: 2002
(435769) penniwigs.blogspot.com.br/2016/03: 4868
(435782) penniwigs.blogspot.com.br/2016/02: 7696
(435795) penniwigs.blogspot.com.br/2016/01: 7321
(435806) penniwigs.blogspot.com.br/2015/12: 7959
(435816) penniwigs.blogspot.com.br/2015/11: 2278
(442928) josiskilpack.com/events.html: 435
(444902) brennansneworleans.com/menu/dinner: 65
(446969) nancyvienneau.com: 1547
(457973) travelgumbo.com/blog/dismaland-the-new-post-apocaliptic-bemusement-park-in-england-1: 1803, 1851
(458595) planetbarberella.blogspot.com: 2453, 9813, 10170, 16425
(458649) planetbarberella.blogspot.com.br/2012: 2323, 9683, 10040, 16295
(458675) planetbarberella.blogspot.com.br/2012/04: 994, 8354, 8711, 14966
(458895) 3ack.blogspot.com.br/2007: 2838
(459091) jazzeseruido.com: 547
(459802) melissajcunningham.blogspot.com.br/p/about-me.html: 665
(459839) melissajcunningham.blogspot.com.br/p/the-eye-of-tanub.html: 1257
(459852) melissajcunningham.blogspot.com.br/p/reluctant-guardian.html: 886
(459861) melissajcunningham.blogspot.com.br/2016/03/the-undoer-is-here.html: 951
(459867) melissajcunningham.blogspot.com.br/2015/03/welcome-to-infirmary.html: 1054
(459869) melissajcunningham.blogspot.com.br/2014/12/a-new-book-is-born.html: 1015
(460631) rickwatson-writer.com/2016: 628
(460825) writeforareader.blogspot.com: 3349
(460849) writeforareader.blogspot.com.br: 3349
(460871) writeforareader.blogspot.com.br/2011: 3349
(460904) writeforareader.blogspot.com.br/2011/04: 2786
(470738) theflyingitchesneedle.blogspot.com.br/2011/10: 1273
(470765) theflyingitchesneedle.blogspot.com.br/2011/09: 1289
(470791) theflyingitchesneedle.blogspot.com.br/2011/07: 2424
(470812) theflyingitchesneedle.blogspot.com.br/2011/06: 3955
(470831) theflyingitchesneedle.blogspot.com.br/2010/12: 1013
(470848) theflyingitchesneedle.blogspot.com.br/2010/08: 1496
(470859) theflyingitchesneedle.blogspot.com.br/2010/07: 1194
(475143) what-is-a-blog.blogspot.com: 1834
(476152) michaelperaza.blogspot.com.br: 6874
(476168) michaelperaza.blogspot.com.br/2017: 2116
(476194) michaelperaza.blogspot.com.br/2017/02: 503
(476203) michaelperaza.blogspot.com.br/2016: 2000
(477703) rocksbackpages.com/Library/Free: 6848
(477709) luckykitty.blogspot.com.br/2015: 807
(478052) thelexingtonienne.com: 477, 487
(479041) abc7ny.com/eats: 177
(481891) aftersabbath.com/2014: 3527
(485417) catholiccuisine.blogspot.com: 3561
(485418) acatholicmumclimbingthepillars.blogspot.com: 2874
(485437) catholiccuisine.blogspot.com.br: 3561
(485439) acatholicmumclimbingthepillars.blogspot.com.br: 2874
(485478) catholiccuisine.blogspot.com.br/2017/03: 1861
(485512) catholiccuisine.blogspot.com.br/2017/01: 2411
(485524) catholiccuisine.blogspot.com.br/2016: 8053
(485533) catholiccuisine.blogspot.com.br/2016/12: 1671
(495160) drizzydrake.org/lyrics/lil-wayne-feat-drake-right-above-it-lyrics: 678
(495382) wendypinkstoncebula.blogspot.com: 2179
(495464) wendypinkstoncebula.blogspot.com.br/2011/03: 797
(495550) signedbkm.blogspot.com: 710
(495607) signedbkm.blogspot.com.br/2017/03/bedrooms-ii.html: 847
(495638) signedbkm.blogspot.com.br/2017/03/sunwashed.html: 780
(495645) signedbkm.blogspot.com.br/2017/03/unread.html: 483
(495652) signedbkm.blogspot.com.br/2017/02/yellow-river.html: 679
(495658) signedbkm.blogspot.com.br/2017/03/self-reflection.html: 617
(495806) irksanddelights.blogspot.com: 571
(495829) irksanddelights.blogspot.com.br/2004/07: 572
(495846) irksanddelights.blogspot.com.br/2004/08: 572
(495871) irksanddelights.blogspot.com.br/2004/10: 572
(495897) irksanddelights.blogspot.com.br/2005/01: 572
(496559) ocaatlanta.com/news: 12879, 12892, 12905
(501643) rv-blackbeauty.blogspot.com.br: 585, 1061, 2243
(501654) rv-blackbeauty.blogspot.com.br/2011: 585, 1061, 2243
(501667) rv-blackbeauty.blogspot.com.br/2011/04: 586, 1062, 2244
(502346) susanbranch.com/chili: 2063
(504603) stitchingkorner.blogspot.com: 3073
(504626) stitchingkorner.blogspot.com.br: 3073
(504650) stitchingkorner.blogspot.com.br/2012: 2633
(504670) stitchingkorner.blogspot.com.br/2012/04: 1215
(504695) stitchingkorner.blogspot.com.br/2012/03: 1169
(504708) stitchingkorner.blogspot.com.br/2012/02: 1345
(504725) stitchingkorner.blogspot.com.br/2012/01: 1482
(504736) stitchingkorner.blogspot.com.br/2011: 5100
(504745) stitchingkorner.blogspot.com.br/2011/12: 2325
(505272) laughing-duck-farm.blogspot.com.br/2012: 3324
(510254) becomingkate-becomingkate.blogspot.com: 2006
(510342) becomingkate-becomingkate.blogspot.com.br/2012/04: 242
(510356) becomingkate-becomingkate.blogspot.com.br/2011: 14512
(510379) becomingkate-becomingkate.blogspot.com.br/2011/08: 792
(510384) becomingkate-becomingkate.blogspot.com.br/2011/07: 1207
(510399) darkorpheus.blogspot.com: 4282
(510400) dilettantedabbling.blogspot.com: 765
(510454) darkorpheus.blogspot.com.br/2016: 10642
(510455) dilettantedabbling.blogspot.com.br: 765
(510476) darkorpheus.blogspot.com.br/2016/09: 3392
(510497) darkorpheus.blogspot.com.br/2016/08: 1981
(510518) darkorpheus.blogspot.com.br/2016/07: 1126
(511644) praguejazz.blogspot.com.br/2011: 12317
(512264) cookforgood.com/recipe/tag/bread: 708, 716, 717
(512285) cookforgood.com/recipe/tag/broiled: 708, 716, 717
(512303) cookforgood.com/recipe/tag/banana-bread: 708, 716, 717
(513697) homesicktexan.com/p/recipe-index.html: 1299, 1372
(518747) ashleemarie.com/cornbread: 661
(519207) boomer-musings.blogspot.com: 2024
(519212) chasingwentworthmiller.blogspot.com: 1518
(519234) boomer-musings.blogspot.com.br: 2024
(519240) chasingwentworthmiller.blogspot.com.br: 1518
(519267) boomer-musings.blogspot.com.br/2016: 14955
(519272) chasingwentworthmiller.blogspot.com.br/2015: 1520
(519294) boomer-musings.blogspot.com.br/2016/09: 921
(519299) chasingwentworthmiller.blogspot.com.br/2015/11: 1521
(519321) boomer-musings.blogspot.com.br/2016/07: 920
(519343) boomer-musings.blogspot.com.br/2016/06: 1735
(519345) chasingwentworthmiller.blogspot.com.br/2010/03: 332
(519362) boomer-musings.blogspot.com.br/2016/05: 2966
(519365) chasingwentworthmiller.blogspot.com.br/2009: 1591
(519375) boomer-musings.blogspot.com.br/2016/04: 2723
(519384) boomer-musings.blogspot.com.br/2016/03: 1833
(524086) neworleanssaints.com/fan-zone/index.html: 373
(526517) graysonagency.com/blog: 1481
(527144) wishfulendings.com/2015/12/whats-broken-between-us-by-alexis-bass.html: 3237
(527212) wishfulendings.com/2017/04: 8992
(527231) wishfulendings.com/2017/03: 9336
(527246) wishfulendings.com/2017/02: 9746
(527253) wishfulendings.com/2017/01: 9726
(527264) wishfulendings.com/2016: 10207
(527267) wishfulendings.com/2016/12: 10208
(531327) chadandkristinwithers.blogspot.com.br/2012/07: 324
(531449) dalmegcoffman.blogspot.com.br/2017/01: 1088
(535034) talesfromthelaboratory.typepad.com/tales_from_the_microbial_: 1707
(535063) talesfromthelaboratory.typepad.com/tales_from_the_microbial_/page/2: 1548
(535096) talesfromthelaboratory.typepad.com/tales_from_the_microbial_/page/3: 3185
(535125) talesfromthelaboratory.typepad.com/tales_from_the_microbial_/page/4: 2749
(535166) talesfromthelaboratory.typepad.com/tales_from_the_microbial_/page/6: 1862
(535183) talesfromthelaboratory.typepad.com/tales_from_the_microbial_/2013/01/celebrity-chard.html: 901
(535420) sherrysenicardesigns.blogspot.com.br: 990, 2640
(535436) sherrysenicardesigns.blogspot.com.br/p/365-smiles.html: 559, 2209
(535456) sherrysenicardesigns.blogspot.com.br/2016/01/2016-imbolc.html: 569, 2219
(535469) sherrysenicardesigns.blogspot.com.br/2014/08/full-moon.html: 598, 2248
(535482) sherrysenicardesigns.blogspot.com.br/2014/01/imbolc-is-this-weekend.html: 549, 2199
(535488) sherrysenicardesigns.blogspot.com.br/2013/12/yule-is-coming-yule-is.html: 709, 2359
(536741) eddemona.blogspot.com: 6060
(536766) eddemona.blogspot.com.br: 6060
(536818) eddemona.blogspot.com.br/2016: 503
(536827) eddemona.blogspot.com.br/2016/11: 504
(540611) cincy.blog/2009: 3063
(542145) elswhere.blogspot.com.br/2004/11: 4875, 4911
(542599) icanhascook.com/all-day-breakfast: 952
(542894) jurisdynamics.blogspot.com.br/2006/08: 316
(543752) redroosterharlem.com/menu: 220, 705
(546516) bombay-bruxelles.blogspot.com: 565, 680, 776, 785, 1110, 1181, 1187, 1196
(546540) bombay-bruxelles.blogspot.com.br: 565, 680, 776, 785, 1110, 1181, 1187, 1196
(546558) bombay-bruxelles.blogspot.com.br/2017/03/gumbo.html: 3, 9, 124, 220, 229, 554, 625, 631, 640
(547259) louisianagumbeaux.blogspot.com.br: 87, 414
(547270) louisianagumbeaux.blogspot.com.br/2017: 87, 414
(547283) louisianagumbeaux.blogspot.com.br/2017/01: 88, 415
(547768) urbancomfort.typepad.com/urban_nest/eat-drink: 4448, 4634, 4671, 4711
(552362) notquitejunecleaver.com/archives: 3155
(557323) oregongiftsofcomfortandjoy.blogspot.com.br/2015/05: 2089
(557351) oregongiftsofcomfortandjoy.blogspot.com.br/2015/04: 3603
(557376) oregongiftsofcomfortandjoy.blogspot.com.br/2015/03: 3868
(557398) oregongiftsofcomfortandjoy.blogspot.com.br/2015/02: 2336
(557439) oregongiftsofcomfortandjoy.blogspot.com.br/2014/11: 3830
(557449) oregongiftsofcomfortandjoy.blogspot.com.br/2014/10: 3675
(557460) oregongiftsofcomfortandjoy.blogspot.com.br/2014/08: 2633
(557463) oregongiftsofcomfortandjoy.blogspot.com.br/2014/07: 4200
(557737) thismamacooks.com/soups: 342, 349
(558304) mauigirlsmeanderings.blogspot.com.br/2014: 5862
(558583) bellbookandcandleblog.blogspot.com.br/2014/08: 3153
(563418) itjustgetsstranger.com/2015: 6086, 6163
(567618) underthetonguerecipes.blogspot.com: 1120
(567650) underthetonguerecipes.blogspot.com.br: 1120
(567685) underthetonguerecipes.blogspot.com.br/2012/05/big-move.html: 240
(567740) underthetonguerecipes.blogspot.com.br/2011/06/and-its-goodbye-from-me.html: 324
(567792) underthetonguerecipes.blogspot.com.br/2011/05/cake-more-cake-even-more-cake.html: 465
(573211) soitgoesinshreveport.blogspot.com: 8473
(573275) soitgoesinshreveport.blogspot.com.br/2017/02: 3986
(573294) soitgoesinshreveport.blogspot.com.br/2017/01: 1979
(573334) soitgoesinshreveport.blogspot.com.br/2016/11: 1203
(573741) cowpattysurprise.blogspot.com: 2307
(573771) cowpattysurprise.blogspot.com.br: 2307
(573790) cowpattysurprise.blogspot.com.br/2012: 2307
(573829) cowpattysurprise.blogspot.com.br/2012/04: 659
(573903) gowestferalwoman.com/2012/09/good-day.html: 383
(573935) kitchenaries.blogspot.com.br/2011: 7574
(574001) kitchenaries.blogspot.com.br/2011/05: 3757
(578384) noteatingoutinny.com: 490
(578923) summersvoice.blogspot.com: 8262
(578961) summersvoice.blogspot.com.br: 8262
(578978) summersvoice.blogspot.com.br/2013: 9008
(579005) summersvoice.blogspot.com.br/2013/11: 8263
(579031) summersvoice.blogspot.com.br/2013/10: 10846
(579053) summersvoice.blogspot.com.br/2013/09: 9581
(579088) summersvoice.blogspot.com.br/2013/06: 9516
(579094) summersvoice.blogspot.com.br/2013/05: 9720
(579095) summersvoice.blogspot.com.br/2013/03: 10021
(579374) nottherockefellers.blogspot.com.br: 739
(579411) nottherockefellers.blogspot.com.br/p/contact_23.html: 214
(579446) nottherockefellers.blogspot.com.br/2016/02/somewheres.html: 63, 230
(579503) nottherockefellers.blogspot.com.br/2016/01/rapture.html: 603
(579528) nottherockefellers.blogspot.com.br/2015/09/ephphatha.html: 459
(579546) nottherockefellers.blogspot.com.br/2015/08/blink.html: 503
(579604) robertfrostsbanjo.blogspot.com.br: 1875
(579635) robertfrostsbanjo.blogspot.com.br/2017: 5937
(579658) robertfrostsbanjo.blogspot.com.br/2017/04: 3242
(579690) robertfrostsbanjo.blogspot.com.br/2017/02: 4759
(579702) robertfrostsbanjo.blogspot.com.br/2017/01: 6445
(579711) robertfrostsbanjo.blogspot.com.br/2016: 9976
(580729) missnailpolish.blogspot.com.br/2009: 2153
(580749) missnailpolish.blogspot.com.br/2009/11: 805
(580772) missnailpolish.blogspot.com.br/2009/09: 818
(595568) realmovee.blogspot.com.br/2012: 5148, 5154
(595601) realmovee.blogspot.com.br/2012/02: 373, 379
(596092) bragondorn.blogspot.com.br/2012: 190
(596126) bragondorn.blogspot.com.br/2012/10: 191
(596227) nesco.com/recipes/?category%5B%5D=700&submit=Search: 1912
(601209) live2dye.com/weblog: 2296
(606870) justbeenme.blogspot.com.br/2009: 2287
(610297) bothenook.blogspot.com.br/2004/10: 2095
(612770) nablowrimo.blogspot.com.br: 2778
(612791) nablowrimo.blogspot.com.br/2013: 3220
(612811) nablowrimo.blogspot.com.br/2012: 2728
(612831) nablowrimo.blogspot.com.br/2011: 4755
(612842) nablowrimo.blogspot.com.br/2010: 5451
(612855) nablowrimo.blogspot.com.br/2009: 4842
(612864) nablowrimo.blogspot.com.br/2008: 2972
(612872) nablowrimo.blogspot.com.br/2006: 3623
(613223) jinxparker.wordpress.com: 1961
(622251) muriels.com/NewOrleans/royalbrunch: 100
(622267) muriels.com/portfolio/sunday-brunch: 106
(622282) easylivingthehardway.blogspot.com.br/2017/02: 4769
(624916) mouthfuloffeathers.com: 1849
(625017) bosquebill.blogspot.com.br/2013: 2556
(627869) twodogsrunningsouth.blogspot.com: 3667
(627906) twodogsrunningsouth.blogspot.com.br/2011/09: 1363
(628153) thewreckroom.blogspot.com.br/2005/04: 758
(628166) thewreckroom.blogspot.com.br/2005/07: 2311
(628885) gardenandgun.com/feature/celebrate-the-south: 6441
(632018) iheartoamc.blogspot.com: 643
(632040) iheartoamc.blogspot.com.br: 643
(632057) iheartoamc.blogspot.com.br/2012: 643
(632075) iheartoamc.blogspot.com.br/2012/10: 644
(634266) deepfriedkudzu.com/p/recipes.html: 51
(635268) bamastitcher.blogspot.com: 2124
(635297) bamastitcher.blogspot.com.br/2015: 1668
(635312) bamastitcher.blogspot.com.br/2015/09: 1669
(635322) bamastitcher.blogspot.com.br/2014: 2490
(635344) bamastitcher.blogspot.com.br/2014/05: 1670
(635350) bamastitcher.blogspot.com.br/2014/04: 1641
(638359) historyscoper-islamwatch.blogspot.com.br/2017: 30956, 30978
(638377) historyscoper-islamwatch.blogspot.com.br/2017/04: 20606, 20628
(638392) historyscoper-islamwatch.blogspot.com.br/2017/03: 30033, 30055
(638404) historyscoper-islamwatch.blogspot.com.br/2017/02: 29287, 29309
(638415) historyscoper-islamwatch.blogspot.com.br/2017/01: 26699, 26721
(639249) kally83.blogspot.com.br: 2337
(639284) kally83.blogspot.com.br/2011/11: 1504
(639308) kally83.blogspot.com.br/2011/08: 625
(639322) kally83.blogspot.com.br/2011/07: 1348
(639337) natureswhispers.blogspot.com.br/2011/01: 1765
(641901) ipitw.blogspot.com: 1918
(641902) hotdads.blogspot.com: 1551
(641927) hotdads.blogspot.com.br: 1551
(641945) ipitw.blogspot.com.br/2009: 13205
(641946) hotdads.blogspot.com.br/2012: 190
(641949) blogonkevin.blogspot.com/2009/10/happy-birthday-cure-jm-awareness-day.html: 516
(641961) hotdads.blogspot.com.br/2012/01: 191
(641982) ipitw.blogspot.com.br/2009/10/my-balls.html: 810
(641983) hotdads.blogspot.com.br/2011/12: 335
(641991) ipitw.blogspot.com.br/2009/10/ocd-sucks.html: 918
(641992) hotdads.blogspot.com.br/2011/11: 555
(641997) ipitw.blogspot.com.br/2008/10/i-am-alive.html: 654
(641998) hotdads.blogspot.com.br/2011/07: 902
(642002) ipitw.blogspot.com.br/2008/09/remote-fun.html: 1357
(652802) payatotlahatditochubby.blogspot.com: 5244
(652826) payatotlahatditochubby.blogspot.com.br: 5244
(652839) payatotlahatditochubby.blogspot.com.br/2015: 18290
(652856) payatotlahatditochubby.blogspot.com.br/2015/04: 3173
(652871) payatotlahatditochubby.blogspot.com.br/2015/03: 4943
(652894) payatotlahatditochubby.blogspot.com.br/2015/01: 7354
(653304) urban-eco.blogspot.com: 3734
(653334) urban-eco.blogspot.com.br: 3734
(653356) urban-eco.blogspot.com.br/2016: 4508
(653374) urban-eco.blogspot.com.br/2016/12: 2320
(653403) urban-eco.blogspot.com.br/2016/10: 2626
(653413) urban-eco.blogspot.com.br/2016/06: 2105
(653426) urban-eco.blogspot.com.br/2016/02: 2064
(655570) thedebutanteball.com/category/2011-debs/eleanor-brown-2011-debs: 1942, 2408
(656604) shopannies.blogspot.com.br/2014: 4145
(659380) spencerandsarah.blogspot.com.br/2007/05: 2508
(660972) t8nsocal.blogspot.com: 1781, 1786
(660999) t8nsocal.blogspot.com.br: 1781, 1786
(663575) prophet-of-bloom.blogspot.com.br: 3992
(663602) prophet-of-bloom.blogspot.com.br/2017/04: 604
(663612) prophet-of-bloom.blogspot.com.br/2017/03: 1347
(663620) prophet-of-bloom.blogspot.com.br/2017/02: 747
(663632) prophet-of-bloom.blogspot.com.br/2016/12: 1425
(666635) neighborhoodofgod.blogspot.com: 6329, 6386, 6389, 6436, 6708, 6822, 6853, 7042, 7059, 7198, 7204
(667413) olivehuedesigns.blogspot.com: 429
(667432) olivehuedesigns.blogspot.com.br: 429
(667457) olivehuedesigns.blogspot.com.br/2015/10: 243
(667485) olivehuedesigns.blogspot.com.br/2013/03: 251
(667490) olivehuedesigns.blogspot.com.br/2013/02: 289
(667494) olivehuedesigns.blogspot.com.br/2012: 1141
(668426) voodoorhythm.com: 5717, 7273
(669557) a-thousandhills.blogspot.com.br: 2827
(669779) fleurdelectable.blogspot.com/2011/06/banana-pudding-pudding-pops.html: 589
(669785) plugyourbook.wordpress.com: 13664
(669806) fleurdelectable.blogspot.com.br: 512
(669826) fleurdelectable.blogspot.com.br/2017: 294
(669843) fleurdelectable.blogspot.com.br/2017/04: 205
(669858) fleurdelectable.blogspot.com.br/2017/03: 171
(669870) fleurdelectable.blogspot.com.br/2017/02: 195
(670171) ihavetouchedthesky.blogspot.com: 3997
(670225) ihavetouchedthesky.blogspot.com.br/2017: 4921
(670241) ihavetouchedthesky.blogspot.com.br/2017/04: 2147
(670272) ihavetouchedthesky.blogspot.com.br/2017/02: 1287
(670281) ihavetouchedthesky.blogspot.com.br/2017/01: 2577
(670287) ihavetouchedthesky.blogspot.com.br/2016: 9742
(670290) ihavetouchedthesky.blogspot.com.br/2016/12: 1700
(670291) ihavetouchedthesky.blogspot.com.br/2016/10: 1516
(674746) dontsweattherecipe.com: 353
(674997) sixweekmealplan.blogspot.com: 7739
(680471) demo.rohitink.com/newp: 129, 157, 187, 217, 244
(680484) demo.rohitink.com/tromax: 89, 95, 124, 130, 158, 164, 193, 199, 228, 234
(683158) hipchristmas.com/artists/b/brown_james.php: 945
(685256) thisblksistaspage.wordpress.com: 4680
(685569) theatertimes.org: 124
(686388) mpmsite.com/?area=home: 427
(686400) mpmsite.com/?area=store: 226, 1953
(690722) themonkeyking.blogspot.com: 139
(690751) themonkeyking.blogspot.com.br: 139
(693707) happierthanapiginmud.blogspot.com.br/p/recipe-index.html: 2167
(695612) toysrevil.blogspot.com/2006/03/toy-or-art.html: 5881
(695625) toysrevil.blogspot.com/2007/08/geek-out.html: 5813
(695638) toysrevil.blogspot.com/search/label/sdcc2010: 5475
(695647) toysrevil.blogspot.com/search/label/sdcc09: 5471
(696288) southernfoodways.blogspot.com.br/2013: 5433
(696322) southernfoodways.blogspot.com.br/2013/06: 5399
(696365) southernfoodways.blogspot.com.br/2013/02: 2300, 7368, 7457, 11183
(696371) southernfoodways.blogspot.com.br/2013/01: 2052
(698914) jeanettelevellie.blogspot.com: 1703
(698933) jeanettelevellie.blogspot.com.br: 1703
(698954) jeanettelevellie.blogspot.com.br/p/blog-tour.html: 1086
(698966) jeanettelevellie.blogspot.com.br/p/cool-links.html: 554
(698977) jeanettelevellie.blogspot.com.br/p/speaking-schedule.html: 886
(699019) nichtszusagen.blogspot.com: 473
(699066) nichtszusagen.blogspot.com.br: 473
(699610) sixquestionsfor.blogspot.com/2011/04/six-questions-for-stephanie-taylor.html: 2368
(699634) sixquestionsfor.blogspot.com.br: 5111
(699650) sixquestionsfor.blogspot.com.br/p/genre-g.html: 1900
(699663) sixquestionsfor.blogspot.com.br/p/genre-h-n_5.html: 2178
(699680) sixquestionsfor.blogspot.com.br/p/genre-r-z.html: 1949
(701751) mytaste.co.uk: 275, 298, 1022, 1045
(705834) stevenpressfield.com: 1184
(707351) dogtrotfarm.blogspot.com: 380
(707375) dogtrotfarm.blogspot.com.br: 380
(707390) dogtrotfarm.blogspot.com.br/2016: 380
(707408) dogtrotfarm.blogspot.com.br/2016/11: 381
(707427) dogtrotfarm.blogspot.com.br/2016/10: 381
(707449) dogtrotfarm.blogspot.com.br/2015: 380
(707461) dogtrotfarm.blogspot.com.br/2015/12: 381
(707467) dogtrotfarm.blogspot.com.br/2015/10: 381
(710173) fiwaese.blogspot.com: 332
(710190) fiwaese.blogspot.com.br: 332
(710207) fiwaese.blogspot.com.br/2011/06: 261
(710229) rosemarieberger.com: 4354
(710242) rosemarieberger.com/tag/brazil: 3792
(710252) rosemarieberger.com/tag/jon-sobrino: 1207
(710261) rosemarieberger.com/tag/marcelo-ebrard: 733
(710268) rosemarieberger.com/tag/john-kenneth-galbraith: 1224
(712734) diethood.com/recipes: 323
(712940) faithinfiction.blogspot.com.br/2004/01: 12504
(713092) picturebookmonth.com/page/5: 5755
(717401) jaymieandjustin.blogspot.com.br/2012: 484
(717438) jaymieandjustin.blogspot.com.br/2012/02: 125
(720451) polkadotsandrickrack.blogspot.com: 3666
(720474) polkadotsandrickrack.blogspot.com.br/2013: 3672
(720491) polkadotsandrickrack.blogspot.com.br/2013/12: 1667
(720526) polkadotsandrickrack.blogspot.com.br/2013/09: 1222
(720539) polkadotsandrickrack.blogspot.com.br/2013/06: 1501
(720552) polkadotsandrickrack.blogspot.com.br/2013/05: 1551
(720567) polkadotsandrickrack.blogspot.com.br/2013/03: 2127
(720832) barbarashallue.typepad.com/musing_in_long_hollow/celebrations/page/3: 11044
(723440) afishsbeachwishes.blogspot.com: 1107
(723475) afishsbeachwishes.blogspot.com.br/2010: 3135
(723491) afishsbeachwishes.blogspot.com.br/2010/07: 1239
(723503) afishsbeachwishes.blogspot.com.br/2010/05: 884
(723509) afishsbeachwishes.blogspot.com.br/2010/04: 2960
(726945) easystreetmag.com/soul-brother: 629
(731611) allears.net/din/rec.htm: 846, 4246
(732912) piercedwonderings.com/aboutme: 201
(733633) life-atapestry.blogspot.com: 1236
(733666) life-atapestry.blogspot.com.br: 1236
(733725) life-atapestry.blogspot.com.br/2017/03: 2070
(733755) life-atapestry.blogspot.com.br/2017/02: 1494
(733783) life-atapestry.blogspot.com.br/2017/01: 1964
(733809) life-atapestry.blogspot.com.br/2016: 2587
(741504) prairieice.blogspot.com.br/2013: 1990
(741514) prairieice.blogspot.com.br/2012: 680
(744312) thegardenfurnitureofearthlydelights.blogspot.com.br: 977
(744387) thegardenfurnitureofearthlydelights.blogspot.com.br/2012/01/ringo.html: 364
(744550) mysteryplayground.net/2017/02: 653, 747, 765, 795
(745702) queenofenglish.wordpress.com: 3744
(745935) leontinesbookrealm.com/2011: 8863
(746571) lcwrite2.blogspot.com: 2268
(746629) lcwrite2.blogspot.com.br/2012: 5261
(746705) lcwrite2.blogspot.com.br/2012/01: 2984
(746723) lcwrite2.blogspot.com.br/2011: 13794
(746747) lcwrite2.blogspot.com.br/2011/10: 1305
(755187) passthegrub.blogspot.com.br/2008: 1975
(761889) nicedeb.wordpress.com: 691
(773508) irishgumbo.blogspot.com.br/2017: 2, 109, 917, 1142, 1725, 2529, 2917, 3372, 3400, 3415
(773526) irishgumbo.blogspot.com.br/2016: 2, 692, 2350, 3155, 3718, 3834, 4311, 4361, 4403, 4542, 4652, 4670, 5450, 5801, 6664, 7175, 7259, 7745, 8228, 8558, 8706, 8738, 8753
(773563) irishgumbo.blogspot.com.br/2014: 2, 975, 1068, 1171, 1774, 1850, 2148, 2548, 3144, 3255, 3379, 3489, 3587, 4626, 5367, 6085, 6787, 6861, 7864, 8950, 9861, 9912, 10205, 10309, 10473, 10715, 11366, 11393, 11408
(773578) irishgumbo.blogspot.com.br/2013: 2, 542, 793, 1586, 1993, 2046, 2562, 3182, 3594, 4153, 4921, 5654, 6414, 7173, 7705, 8795, 9436, 10045, 10176, 10947, 11685, 12683, 12985, 13943, 14534, 14547, 14924, 15221, 15497, 16182, 16223, 16238
(773584) irishgumbo.blogspot.com.br/2012: 2, 812, 1206, 1382, 1427, 1569, 1644, 1688, 1747, 2191, 2483, 2754, 3009, 3118, 3399, 3545, 3593, 3781, 3883, 3919, 4306, 4413, 4833, 4914, 5245, 5738, 6216, 6220, 6362, 6381, 7066, 7909, 7994, 8108, 8879, 9697, 10001, 10742, 10859, 11175, 11232, 13356, 13386, 13401
(773589) irishgumbo.blogspot.com.br/2011: 2, 1394, 2194, 2728, 3155, 3195, 3702, 4350, 4483, 5111, 5784, 5839, 6594, 6762, 7101, 7216, 7770, 8279, 8319, 8542, 8906, 9468, 10160, 10868, 11249, 11286, 11308, 11406, 11647, 11781, 11833, 11872, 12168, 12338, 12594, 13101, 13194, 13652, 14024, 14036, 14268, 14389, 14473, 15007, 15113, 15555, 15720, 15735, 15817, 16263, 16466, 17061, 17083, 17160, 17551, 17622, 17658, 17972, 18515, 18561, 18576
(773962) reataroseranch.blogspot.com: 2902
(773991) reataroseranch.blogspot.com.br: 2902
(774015) reataroseranch.blogspot.com.br/2010/08/fleeing-summer.html: 2313
(774043) reataroseranch.blogspot.com.br/2010/06/maiden-journey.html: 1446
(774065) reataroseranch.blogspot.com.br/2010/06/its-all-that.html: 1364
(774090) reataroseranch.blogspot.com.br/2010/06/wunnerful.html: 1730
(774134) reataroseranch.blogspot.com.br/2010/04/im-tanked.html: 1304
(774711) hurricane-katrina.org/page/7: 4085
(777270) chimeraobscura.com/mi/some-spring-cleaning/comment-page-1: 673, 935
(777274) chimeraobscura.com/mi/a-brief-hello: 219, 481
(782843) david-mcmahon.blogspot.com: 9890, 13223
(782887) david-mcmahon.blogspot.com.br/2011/09: 4173, 7506
(782899) david-mcmahon.blogspot.com.br/2011/08: 4346, 7679
(782910) david-mcmahon.blogspot.com.br/2011/07: 4552, 7885
(782932) david-mcmahon.blogspot.com.br/2010: 13236, 16569
(785753) henrythedogdiaries.blogspot.com: 1893, 2213
(785797) henrythedogdiaries.blogspot.com.br/2009: 8290, 8610
(785817) henrythedogdiaries.blogspot.com.br/2009/03: 6451, 6771
(785849) henrythedogdiaries.blogspot.com.br/2009/01: 12761, 13081
(785864) henrythedogdiaries.blogspot.com.br/2008/12: 14293, 14613
(788133) threetarts.blogspot.com.br/2005/09: 1587
(788166) threetarts.blogspot.com.br/2005/11: 458, 488, 497, 507, 513, 528, 636
(791176) sayitwithasmirk.blogspot.com.br/2013: 4080
(792371) cheftessbakeresse.blogspot.com: 6932
(792388) cheftessbakeresse.blogspot.com.br: 6932
(792401) cheftessbakeresse.blogspot.com.br/2017/04: 2529
(792406) cheftessbakeresse.blogspot.com.br/2017/02: 2329
(793792) thistlecovefarm.blogspot.com: 5318
(796549) beau-coup.com/weddinghangtags.htm: 6100
(797572) threedogsbbq.blogspot.com: 822, 948, 973, 986, 994, 1008
(797594) threedogsbbq.blogspot.com.br: 822, 948, 973, 986, 994, 1008
(798276) chezlouloufrance.blogspot.com.br/p/about_20.html: 230
(799583) crazeekids-music.blogspot.com: 674
(799612) crazeekids-music.blogspot.com.br: 674
(799635) crazeekids-music.blogspot.com.br/2013/10: 264
(799645) crazeekids-music.blogspot.com.br/2012: 325
(799655) crazeekids-music.blogspot.com.br/2012/11: 275
(799660) crazeekids-music.blogspot.com.br/2012/03: 267
(799683) homeofthegroove.blogspot.com: 1291, 8754
(799703) homeofthegroove.blogspot.com.br/2004/10: 1292
(799718) redkelly2.blogspot.com.br: 6524
(799722) homeofthegroove.blogspot.com.br/2004/11: 1292
(799737) homeofthegroove.blogspot.com.br/2004/12: 1292, 1928, 2809, 5219
(799760) homeofthegroove.blogspot.com.br/2005/02: 1292, 5728
(799768) homeofthegroove.blogspot.com.br/2005/03: 1292, 7067
(799776) homeofthegroove.blogspot.com.br/2005/04: 1292
(799779) homeofthegroove.blogspot.com.br/2005/05: 1292, 4137
(807007) soulaperture.blogspot.com: 218
(807029) soulaperture.blogspot.com.br: 218
(809856) denfordmagora.blogspot.com.br: 1489
(811199) welove-music.org/2007/01: 5147, 5207, 5235, 5280
(811307) mugsysmusings.blogspot.com.br/2015: 3362, 3381
(811459) findingvivianmaier.com: 650
(817442) coastalliving.com/food/dinner-in-a-breeze: 684
(817636) bayoubytes.blogspot.com.br: 2, 4
(817653) bayoubytes.blogspot.com.br/2017: 2, 4
(817664) bayoubytes.blogspot.com.br/2016: 2, 4
(817687) bayoubytes.blogspot.com.br/2014: 2, 4
(817692) bayoubytes.blogspot.com.br/2013: 2, 4
(817694) bayoubytes.blogspot.com.br/2012: 2, 4
(817695) bayoubytes.blogspot.com.br/2011: 2, 4, 6674
(821334) picturespoetryprose.blogspot.com: 3523
(821361) picturespoetryprose.blogspot.com.br: 3523
(821378) picturespoetryprose.blogspot.com.br/2009: 11249
(821408) picturespoetryprose.blogspot.com.br/2009/09: 6075
(821905) marilynmeredith.blogspot.com: 9069, 9070, 13521, 13754, 13756
(821942) marilynmeredith.blogspot.com/p/contact.html: 4364, 4365, 8816, 9049, 9051
(823536) happywonderer.wordpress.com/2008/07/24/sky-watch-sammamish-river-trail: 2082
(824370) fortheloveofthesouth.com: 3876, 3904, 4020, 4029, 4049, 4143, 4176, 4203, 4206, 4247, 4432, 4682, 4767, 4772, 4773, 4774
(830853) lukehoney.typepad.com/the_greasy_spoon/brands: 13625, 13639, 13687
(831424) bakespace.com/feed: 205
(833589) crystalcoastgardener.blogspot.com.br/2012: 6639
(835740) noseviuresenserock.com/2016: 512
(838071) lissaprice.com: 389
(839645) safelygatheredin2.blogspot.com.br/2008/11/alphabetical-recipe-list.html: 70
(841885) yummysmells.ca/2017: 8366, 8412, 8445, 8450
(841915) delawaregirleats.typepad.com/blog/page/3: 1242
(841934) delawaregirleats.typepad.com/blog/page/4: 1250
(841939) yummysmells.ca/2017/02: 340, 386, 419, 424
(841947) delawaregirleats.typepad.com/blog/page/5: 1210
(844607) flyoverpeople.net/news: 2028, 2403
(844629) flyoverpeople.net/news/about: 933, 976, 1024, 1606, 1981
(844663) flyoverpeople.net/news/2014/09/20/little-library: 317, 692
(845675) cajun-recipes.com: 79
(845685) rvlifeandfood.blogspot.com: 1351
(845704) rvlifeandfood.blogspot.com.br: 1351
(846364) lettersfromusedom.blogspot.com.br/2013: 5749
(846393) lettersfromusedom.blogspot.com.br/2013/03: 5047
(847563) dinosaurgardens.com/page/3: 5651
(849039) stampfrancisco.com/Shop.asp: 139
(849050) stampfrancisco.com/Help.asp: 138, 421, 551, 600
(853742) flouronmyface.com: 447
(853743) monicastable.com: 303
(853768) akitchenhoorsadventures.com/tag/ham: 349
(853771) familyaroundthetable.com/category/breakfast: 1892, 1938, 1971, 1976
(853813) adayinthelifeonthefarm.blogspot.com.br/2017/02: 1770, 1816, 1849, 1854
(854338) gariquilts.blogspot.com: 2609
(854361) gariquilts.blogspot.com.br: 2609
(854382) gariquilts.blogspot.com.br/2017: 2609
(854691) sherrysenicardesigns.blogspot.com.br/2013/09/blessed-mabon-almost.html: 590, 2239
(854692) sherrysenicardesigns.blogspot.com.br/2013/06/wonderful-prayer.html: 555, 2204
(854693) sherrysenicardesigns.blogspot.com.br/2013/06/blessed-litha.html: 534, 2183
(857399) popmatters.com: 1858
(862444) paradiseleased.wordpress.com: 5760
(865594) thecrowscrustyloaf.blogspot.com: 1863
(865606) thecrowscrustyloaf.blogspot.com.br: 1863
(871862) imtopsyturvy.com: 359
(872001) jembellish.blogspot.com.br/2014: 384
(874692) unkreatiiv.blogspot.com.br/2015: 1292
(881902) birdsbeesberriesblooms.blogspot.com: 2914
(881933) birdsbeesberriesblooms.blogspot.com.br: 2914
(881945) birdingfordevils.com/2016: 811
(881963) birdsbeesberriesblooms.blogspot.com.br/2017: 2915
(881994) birdsbeesberriesblooms.blogspot.com.br/2017/04: 516
(882046) birdsbeesberriesblooms.blogspot.com.br/2017/02: 1534
(882065) birdsbeesberriesblooms.blogspot.com.br/2017/01: 3525
(884550) soundological.blogspot.com.br/2010/02: 565
(886406) thevegangypsy.com/2014: 913, 933, 2007
(895823) annanowicki.blogspot.com: 2901
(895862) annanowicki.blogspot.com.br/search/label/bowls: 2531
(895888) annanowicki.blogspot.com.br/search/label/cuff: 3558
(895927) annanowicki.blogspot.com.br/search/label/For%20Sale: 3012
(895944) annanowicki.blogspot.com.br/2015/11/bowls-again.html: 2333
(901329) theteakettlecorner.blogspot.com: 6145
(901363) juliesstitchingjournal.blogspot.com/.: 3337
(901385) theteakettlecorner.blogspot.com.br/p/2017.html: 3706
(901386) juliesstitchingjournal.blogspot.com/2011/09/covered-tape-measure-tutorial.html: 2593
(901410) theteakettlecorner.blogspot.com.br/p/finishes.html: 3352
(901437) theteakettlecorner.blogspot.com.br/p/recipe-box.html: 11095
(901438) juliesstitchingjournal.blogspot.com/2010/10/nuneaton-meet-up-photo-heavy-post.html: 2529
(901474) theteakettlecorner.blogspot.com.br/p/my-craft-room.html: 3020
(901503) theteakettlecorner.blogspot.com.br/2017/01/second-wipocalypse.html: 3885
(901504) theteakettlecorner.blogspot.com.br/2017/01/january-tusal.html: 3561
(903501) azurarahman.com/2017: 4325
(907294) thirstysouthernsoul.blogspot.com.br/2012: 3234, 3249
(907841) trina4ua.blogspot.com.br/2012: 12098
(908140) combatreform.org/atb.htm: 31318
(909579) shellgrowback.blogspot.com.br/search/label/1973: 1434
(912053) pippajay.blogspot.com.br/search/label/space%20opera: 3229, 3575
(912216) vegansoulpower.blogspot.com.br/2013: 7114
(912477) theveganmouse.blogspot.com: 1813
(912514) theveganmouse.blogspot.com.br: 1813
(912547) theveganmouse.blogspot.com.br/2017: 2863
(912602) theveganmouse.blogspot.com.br/2017/03: 1722
(912617) theveganmouse.blogspot.com.br/2017/02: 2202
(912643) theveganmouse.blogspot.com.br/2016: 2714
(912648) theveganmouse.blogspot.com.br/2016/12: 2715
(912805) lenkuntz.blogspot.com: 4566
(912839) lenkuntz.blogspot.com.br: 4566
(912870) sincerelystacie.com/2017/04: 4385, 4519
(912872) lenkuntz.blogspot.com.br/2017: 5527
(912905) lenkuntz.blogspot.com.br/2017/04: 3847
(912942) lenkuntz.blogspot.com.br/2017/03: 5789
(912971) lenkuntz.blogspot.com.br/2017/02: 7342
(913001) lenkuntz.blogspot.com.br/2017/01: 7472
(913014) iqurae.blogspot.com.br/2016: 5661
(913018) lenkuntz.blogspot.com.br/2016: 6899
(913027) lenkuntz.blogspot.com.br/2016/12: 6900
(920706) bine2005.blogspot.com: 5505
(920730) bine2005.blogspot.com.br: 5505
(920779) bine2005.blogspot.com.br/2015/11: 3135
(921731) annanowicki.blogspot.com.br/2015/11/new-bowls.html: 2327
(921734) annanowicki.blogspot.com.br/2014/06/for-sale.html: 2409
(925682) pompomsponderings.blogspot.com.br/2016/12: 1714
(925706) fieldofmydreams.blogspot.com: 2537
(925732) fieldofmydreams.blogspot.com.br: 2537
(925780) fieldofmydreams.blogspot.com.br/2017/04: 1342
(925805) fieldofmydreams.blogspot.com.br/2017/03: 4410
(925851) fieldofmydreams.blogspot.com.br/2017/01: 5109
(928602) ttownphoto.blogspot.com.br: 455
(928638) ttownphoto.blogspot.com.br/2010: 890
(930765) cookingforengineers.com: 911
(930792) cookingforengineers.com/article/278/Free-Cookbook-from-Snubbr: 907
(933606) dyingforchocolate.blogspot.com.br/2017/02: 539
(935669) jazzeseruido.blogspot.com: 547
(935704) jazzeseruido.blogspot.com.br: 547
(935800) jazzeseruido.blogspot.com.br/2017/04/sexo-raza-y-jass.html: 551
(935983) ttexshexes.blogspot.com.br/2012: 2350
(936207) sinaliento2.blogspot.com: 2733
(937363) corazane.blogspot.com: 2133
(937404) corazane.blogspot.com.br/2017: 2133
(937448) nutwoodjunction.blogspot.com.br/2013: 8398
(937499) paranormalromanticsuspensereviews.blogspot.com: 8003
(937519) paranormalromanticsuspensereviews.blogspot.com/2012/01/review-policy.html: 6874
(938011) ifyoucanreadthisyourelying.blogspot.com.br/2016/07: 2016
(938528) lunamoka.com: 807
(938826) laurarenegar.blogspot.com: 2253
(938859) laurarenegar.blogspot.com.br: 2253
(938890) laurarenegar.blogspot.com.br/2016: 1237
(947742) me-n-myboys.blogspot.com.br/2010: 4184
(947950) tampastreetmarket.blogspot.com.br/2011/04: 2682, 3102, 3751
(950550) happycatholic.blogspot.com.br/2017/01: 552
(953808) travelwithlulu.com: 82
(957898) thatjaniegirl.blogspot.com: 1908, 2237
(957919) thatjaniegirl.blogspot.com.br: 1908, 2237
(957940) thatjaniegirl.blogspot.com.br/2017: 358, 687
(957962) thatjaniegirl.blogspot.com.br/2017/03: 284, 613
(958001) thatjaniegirl.blogspot.com.br/2016: 1804, 2133
(958016) thatjaniegirl.blogspot.com.br/2016/09: 767, 1096
(958028) thatjaniegirl.blogspot.com.br/2016/08: 1540, 1869
(958035) thatjaniegirl.blogspot.com.br/2016/06: 614, 943
(958367) 4rwws.blogspot.com.br/2010: 422
(960074) oserdamusica.blogspot.com.br/2017/02: 8001
(960195) ihatethe90s.blogspot.com.br: 4318
(960255) ihatethe90s.blogspot.com.br/2017/04: 4321
(960298) merryandbright.blogspot.com.br/2016/12: 6093, 6135
(960360) ihatethe90s.blogspot.com.br/2016/12: 5276
(962077) amberkatze.blogspot.com.br: 427
(962160) amberkatze.blogspot.com.br/2016/11/88-body-on-bayou-by-ellen-byron.html: 176
(962212) writerrevealed.blogspot.com: 5284
(962279) writerrevealed.blogspot.com.br/2012: 9722
(962356) writerrevealed.blogspot.com.br/2012/03: 3421
(962381) writerrevealed.blogspot.com.br/2012/01: 8534
(962389) writerrevealed.blogspot.com.br/2011: 8911
(962393) writerrevealed.blogspot.com.br/2011/12: 6889
(962396) writerrevealed.blogspot.com.br/2011/11: 2699
(962578) harauthors.blogspot.com.br/2010: 2676, 9107, 9132, 9243
(962620) laaloosh.com: 3099
(962674) laaloosh.com/recipe/chicken-bruschetta-recipe: 954
(962699) laaloosh.com/ingredient/chicken-breast: 1628
(962718) laaloosh.com/page/2: 3185
(963111) mmogumbo.wordpress.com: 2, 10
(963601) thesurlywriter.blogspot.com: 5025
(963632) thesurlywriter.blogspot.com.br: 5025
(963680) thesurlywriter.blogspot.com.br/2014/07/a-sandy-day.html: 2591
(963702) thesurlywriter.blogspot.com.br/p/other-stuff.html: 1922
(963731) thesurlywriter.blogspot.com.br/2014/06/a-day-at-point.html: 2472
(963742) thesurlywriter.blogspot.com.br/2014/06/fizz-boom.html: 2746
(963748) thesurlywriter.blogspot.com.br/2015/06/thrill-of-lifetime.html: 3117
(964727) swatchcrazee.blogspot.com: 4665
(964755) swatchcrazee.blogspot.com.br: 4665
(964810) swatchcrazee.blogspot.com.br/2013/05: 4309
(964836) swatchcrazee.blogspot.com.br/2013/04: 4440
(964870) swatchcrazee.blogspot.com.br/2012: 6183
(964873) swatchcrazee.blogspot.com.br/2012/12: 4373
(964874) swatchcrazee.blogspot.com.br/2012/11: 4346
(966915) elise-saladamista.blogspot.com.br/2011/02: 440
(974266) sophisticatedsavories.blogspot.com.br/2013/02: 2034
(976351) quabbinbirdingandbeyond.blogspot.com.br/2017/02: 3815
(981454) brainsurgerywithspoons.blogspot.com.br/2006/05: 2186
(986283) analogartistdigitalworld.com/2017: 4669
(986312) analogartistdigitalworld.com/2017/04: 4670
(991490) osmusicaisdomundo.blogspot.com.br/2010: 1855
(1231502) neez.com.br/site: 384, 390
(1257213) pat.feldman.com.br/mamae-eu-quero-quiabo: 2101, 2514, 2539
(1260910) dachshundlove.blogspot.com.br/2012: 10489
(1276601) claudio-zeiger.blogspot.com.br/2014/04/guerra-contra-os-traficantes-de.html: 2979
(1289732) gramofonevirtual.blogspot.com.br/2013/02/industria-fonografica-mundial-registra.html: 737
(1289896) osbrutostambemouvem.blogspot.com.br/2012/05/reprise-when-jazz-meets-pop-2-2006.html: 2095, 2097
(1289905) santeriamusica.blogspot.com.br/2014/08: 3404
(1301693) atocom.blogspot.com.br/2008_01_27_archive.html: 4121
(1302718) mileycalways.blogspot.com.br/2016/11/kindergarten.html: 135
(1317163) projetocicas.blogspot.com.br/2009: 1870
(1317238) comunidadequilombaque.blogspot.com.br/2011: 1995
(1318260) vegvida.com.br/site/category/receitas: 257
(1337740) handmadebyamalia.blogspot.com.br/2016/12/the-sleepover.html: 1197
(1349729) poptothepeople.blogspot.com.br/2010/09: 1997
(1364812) claudio-zeiger.blogspot.com.br/2014/04/a-disputa-por-katanga-colonizacao-belga.html: 2843
(1379068) periecosbrecho.blogspot.com.br/2015/08/curtis-mayfield-roots.html: 320, 767
(1379310) osbrutostambemouvem.blogspot.com.br/2016/06/wes-montgomery-incredible-jazz-guitar.html: 1936, 1938
(1391671) atocom.blogspot.com.br/2008_02_03_archive.html: 4346
(1448006) alineacomunicacao.com.br/sample-page: 80, 88, 180, 188, 258, 266, 325, 333, 421, 429, 492, 500
(1456453) claudio-zeiger.blogspot.com.br/2014/04/economia-colonizacao-belga-as-colonias.html: 2825
(1469928) periecosbrecho.blogspot.com.br/2015/08/william-onyeabor-atomic-bomb.html: 341, 788
(1469944) gramofonevirtual.blogspot.com.br/2013/01/som-do-norte-andreia-dias-pelos.html: 787
(1470412) twilightzone-rideyourpony.blogspot.com.br: 510, 580, 1648
(1502281) reinodemondongo.blogspot.com.br/2012: 4599
(1508026) theatreofwords.blogspot.com.br/2013/06: 1044
(1624957) mosaicosdosul.blogspot.com.br: 587, 673, 740, 1125, 1152, 2256
(1680197) theatreofwords.blogspot.com.br: 5355
(1698435) myedit.blogspot.com.br: 3480
(1736225) theatreofwords.blogspot.com.br/2010: 242
(1797244) theatreofwords.blogspot.com.br/2012: 409
(1823755) claudio-zeiger.blogspot.com.br: 3059
(1846255) atocom.blogspot.com.br/2013_08_11_archive.html: 4954
(1863558) theatreofwords.blogspot.com.br/2013: 3378
(1891160) claudio-zeiger.blogspot.com.br/2014/05/a-colonizacao-francesa-na-africa.html: 3061
(1902588) santeriamusica.blogspot.com.br: 2616
(1912731) atocom.blogspot.com.br: 4701
(1932608) theatreofwords.blogspot.com.br/2014: 7360
(1945573) curiosidadesculinariasdadonasinha.blogspot.com.br/2014/01: 4157
(1962609) claudio-zeiger.blogspot.com.br/2014/05/ruanda-urundi-sob-colonizacao-belga-02.html: 2830
(1975079) gramofonevirtual.blogspot.com.br: 1916
(1975082) periecosbrecho.blogspot.com.br: 4663, 5110
(1975112) osbrutostambemouvem.blogspot.com.br: 3653, 3655
(1985467) atocom.blogspot.com.br/2007_09_30_archive.html: 3901
(1996703) mosaicosdosul.blogspot.com.br/2015: 587, 673, 740, 1125, 1152, 2259
(2004845) theatreofwords.blogspot.com.br/2015: 5134
(2020318) ninahorta.blogfolha.uol.com.br/page/5: 6197, 6206
(2035644) claudio-zeiger.blogspot.com.br/2014/05/ruanda-urundi-colonizacao-belga-as.html: 2914
(2049751) osbrutostambemouvem.blogspot.com.br/2011/11/zuzu-angel-trilha-sonora-2006.html: 1968, 1970
(2049762) santeriamusica.blogspot.com.br/2015: 9049
(2060582) atocom.blogspot.com.br/2007_10_14_archive.html: 3969
(2082281) theatreofwords.blogspot.com.br/2016: 4979
(2102502) sejabemvinho.blogspot.com.br/2008: 3871
(2128146) osbrutostambemouvem.blogspot.com.br/2016/07/yusef-lateef-yusef-lateefs-detroit.html: 1923, 1925
(2177386) itsdaffycat.blogspot.com.br/2010: 2460
(2190916) myedit.blogspot.com.br/2015: 1876
(2209378) periecosbrecho.blogspot.com.br/2015/09/os-skywalkers.html: 483, 930
(2209386) gramofonevirtual.blogspot.com.br/p/termo-de-responsabilidade.html: 653
(2209524) osbrutostambemouvem.blogspot.com.br/2012/03/yo-la-tengo-popular-songs-2009.html: 1961, 1963
(2219861) atocom.blogspot.com.br/2007_11_18_archive.html: 3904
(2243350) theatreofwords.blogspot.com.br/2010/08: 158
(2257494) itsdaffycat.blogspot.com.br/2011: 881
(2277130) claudio-zeiger.blogspot.com.br/2014/04/o-custo-em-vidas-colonizacao-belga-as.html: 2685
(2290799) periecosbrecho.blogspot.com.br/2015/09/the-sound-of-siam.html: 244, 691
(2290814) gramofonevirtual.blogspot.com.br/p/quem-somos.html: 583
(2290950) osbrutostambemouvem.blogspot.com.br/2016/03/yakoto-babyblues-2012.html: 1914, 1916
(2290964) santeriamusica.blogspot.com.br/2014/05: 3423
(2302550) atocom.blogspot.com.br/2007_11_25_archive.html: 4158
(2325864) theatreofwords.blogspot.com.br/2012/03: 186
(2350471) always-critics.blogspot.com.br/2013/01: 808, 6300
(2361878) claudio-zeiger.blogspot.com.br/2014/04/vitimas-da-tortura-um-desastre-para.html: 3026
(2376608) periecosbrecho.blogspot.com.br/2015/09/arnaud-rodrigues.html: 276, 723
(2376796) santeriamusica.blogspot.com.br/2014/06: 3177
(2389221) atocom.blogspot.com.br/2007: 4965
(2404970) projetoespremedor.com.br: 114
(2412362) theatreofwords.blogspot.com.br/2012/04: 215
(2434896) venenosdorock.blogspot.com.br/2008: 1828
(2463571) periecosbrecho.blogspot.com.br/2015/09/orlandivo-com-joao-donato.html: 342, 789
(2463603) gramofonevirtual.blogspot.com.br/2013/03/o-ultimo-bom-malandro-do-rock-brasileiro.html: 712
(2463792) osbrutostambemouvem.blogspot.com.br/2012/03/xtc-wasp-star-apple-venus-volume-2-2000.html: 1921, 1923
(2463798) santeriamusica.blogspot.com.br/2014/07: 3302
(2475658) atocom.blogspot.com.br/2008_01_13_archive.html: 3880
(2576992) mezzomondo.com.br/sugestao-de-7-dias-em-miami: 1219
(2615589) mezzomondo.com.br/tag/fort-lauderdale: 312
(2616074) mezzomondo.com.br/tag/miami: 492
(2639555) aromasdocumbuco.blogspot.com.br/2016/08/beneficios-do-quiabo-para-diabetes.html: 103
(2759668) projetoespremedor.com.br/categoria/videos: 20
(2777415) santeriamusica.blogspot.com.br/2017/02/griz-2011-end-of-world-party.html: 1103
(2783949) santeriamusica.blogspot.com.br/2017/02: 1942
(2787121) santeriamusica.blogspot.com.br/2017/01: 1980
(2790554) santeriamusica.blogspot.com.br/2016/12: 5011
(2793628) santeriamusica.blogspot.com.br/2016/11: 4990
(2815982) santeriamusica.blogspot.com.br/2016/10: 5241
(2819149) santeriamusica.blogspot.com.br/2016/12/trioscapes-2014-digital-dream-sequence.html: 1137
(2823008) projetoespremedor.blogspot.com.br/2015/06/sarau-da-brasa-muito-como-um-rei.html: 171
(2823731) santeriamusica.blogspot.com.br/2016/11/closure-in-moscow-2014-pink-lemonade.html: 1165
(2824984) mosaicosdosul.blogspot.com.br/2015/04/upgrade-no-blog.html: 419
(2829234) projetoespremedor.blogspot.com.br/2015: 1993, 2612
(2829334) mosaicosdosul.blogspot.com.br/2015/04: 627, 723, 798, 1211, 1239, 2446
(2833757) santeriamusica.blogspot.com.br/2016/11/the-mantras-2013-jambands-ruined-my-life.html: 1153
(2840863) projetoespremedor.blogspot.com.br/2013: 523
(2841467) mosaicosdosul.blogspot.com.br/2015/04/boca-raton-com-criancas-gumbo-limbo.html: 9, 24, 114, 189, 602, 630, 1056
(2844254) mosaicosdosul.blogspot.com.br/2015/04/pascoa-em-ouro-preto-os-tapetes-de.html: 1124
(2881751) minhateca.com.br/Rogerio.O.Porta.Luz: 432
(2902947) projetoespremedor.blogspot.com.br/2014/02: 90
(2915425) comunidadequilombaque.blogspot.com.br/2011/09: 137
(2931598) comunidadequilombaque.blogspot.com.br/2011/09/mais-um-ano-de-resistencia.html: 142
(2933024) desafiosgastronomicos.blogspot.com.br/2013/01/desafio-almocar-com-as-gaivotas-em.html: 243
(3139968) toysrevil.blogspot.com.br: 5477
(3144828) toysrevil.blogspot.com.br/2012/10/snoopy-ceramic-kaws-version-by.html: 5574
(3145216) claudio-zeiger.blogspot.com.br/2012/02/denkyem-o-crocodilo-simbologia-adinkra.html: 3164
(3157490) claudio-zeiger.blogspot.com.br/2012/02/adinkra-hene-simbologia-adinkra.html: 3388
(3161553) claudio-zeiger.blogspot.com.br/2012/02/simbologia-adinkra-gye-nyame.html: 3280
(3166950) claudio-zeiger.blogspot.com.br/2012/02/salgado-maranhao-kuarup.html: 3292
(3170823) jafosnews.blogspot.com.br/2013_10_13_archive.html: 666, 668, 896, 2115
(3172767) claudio-zeiger.blogspot.com.br/2012/02/lino-guedes-primeira-palavra.html: 3169
(3185249) collectorsroom.com.br/2017_01_22_archive.html: 542
(3185559) collectorsroom.com.br/2014_01_19_archive.html: 708, 1414
(3188948) jafosnews.blogspot.com.br/2013/10/top-chef-nola-season-11-episode-3.html: 1551
(3199669) jafosnews.blogspot.com.br/2013_09_29_archive.html: 207
(3275152) colecionadoresdehqs.com.br/saga-do-monstro-do-pantano-por-alan-moore-livro-6: 620
(3299663) jarrahjungle.blogspot.com.br/2015/11: 1181
(3385305) redrosealley.blogspot.com.br/2015/02/jazz-kitchen.html: 98, 604
(3385709) primaveranoise.blogspot.com.br/2016/07/dharma-samu-oratorio-3400-2016_28.html: 284
(3427199) muitaviagem.com.br/new-orleans-dicas-roteiro: 2854
(3451118) aultimaarcadenoe.com.br/category/registros-por-especie: 996
(3506985) casalcozinha.com.br/glossario: 7675, 7676, 12256
(3558477) freguesianews.com.br/index.php?opc=meio_coluna&id_c=1&id_c_p=9: 456
(3580909) rodrigomattar.grandepremio.uol.com.br/tag/1971: 8229
(3594793) lickthebowlgood.blogspot.com.br/2011/03: 220
(3643708) spacerockmountain.blogspot.com.br/2015: 8037
(3644959) acervodorockroll.blogspot.com.br/2009/04/lista-dos-500-melhores-albuns-de-sempre.html: 2512
(3659022) spacerockmountain.blogspot.com.br/2015/10: 1996
(3670393) thearchdruidreport.blogspot.com.br/2017/02/the-world-as-will.html: 28382
(3683450) spacerockmountain.blogspot.com.br/2015/04: 1833
(3712572) spacerockmountain.blogspot.com.br/2014/08: 7086
(3715147) spacerockmountain.blogspot.com.br/2014/07: 7, 184, 353, 10472
(3745335) quinacultural.blogspot.com.br/2011/06: 790
(3757761) desertcanyonliving.blogspot.com.br/2016/04: 144, 159
(3787963) desertcanyonliving.blogspot.com.br/2015/04: 399
(3791692) gastronomiars.com.br/php/index.php: 367
(3791702) gastronomiars.com.br/php/glossario.php: 470
(3838231) viajeaqui.abril.com.br/cidades/estados-unidos-nova-orleans: 1409
(3879587) rockloco.blogspot.com.br/2011/02: 2493
(4037305) manifestorockunderground.blogspot.com.br/2011/08: 6355
(4127263) tecnologia.terra.com.br/interna/0,,OI3941762-EI4802,00-Pequenas+doacoes+ajudam+a+sustentar+arte+na+web.html: 476
(4146357) dissectleft.blogspot.com.br/2010_08_08_archive.html: 3912
(4232450) showbiz.mus.br/cd-de-jazz-para-baixar/partituras: 166
(4265780) iped.com.br/culinaria-gastronomia-e-confeitaria/afiliado/2086252: 1031
(4265796) iped.com.br/cotidiano/afiliado/2086252: 1815
(4346563) shirleyculinaria.blogspot.com.br/p/dicas_7116.html: 4248
(4362620) almanaque.folha.uol.com.br/leituras_28jul00.htm: 468, 469
(4431752) bloginforma.com.br/time-leva-espirito-punk-anarquista-ao-futebol-de-varzea-e-conquista-ate-manu-chao: 769
(4434017) expedia.com.br/Nova-Orleans.d178292.Guia-de-Pacotes?rfrr&: 751
(4485326) mundoencanta.blogspot.com.br: 2603
(4487878) mundoencanta.blogspot.com.br/2017: 2603
(4491276) mundoencanta.blogspot.com.br/2017/02: 1511
(4586399) coquetelmolotov.com.br/novo/podcast-27082011: 255
(4618581) atl2memphis.blogspot.com.br/p/privacy-policy.html: 4607
(4621774) faxcool.blogspot.com.br/2009: 2352, 3436
(4622519) atl2memphis.blogspot.com.br/p/terms-of-use.html: 6406
(4623298) atl2memphis.blogspot.com.br/p/about.html: 2790
(4624807) atl2memphis.blogspot.com.br/p/contact.html: 2912
(4681075) servicos.terra.com.br/cursos-profissionalizantes/culinaria-gastronomia-e-confeitaria: 2234
(4681153) servicos.terra.com.br/cursos-profissionalizantes/cotidiano: 4205
(4713223) almanaqueculinario.com.br/glossario/g: 570
(4719804) 12-inch.blogspot.com.br/2009/08: 409, 451, 493
(4956894) justicaeleitoral.jus.br/arquivos/tse-resolucao-tse-no-22-867-eleicoes-2008: 8324
(4956898) justicaeleitoral.jus.br/arquivos/tse-carta-circular-bacen-no-3-320-eleicoes-2008: 11072
(5233849) jc.ne10.uol.com.br/blogs/toques/2015/08/15/julieta-venegas-continua-servindo-o-trivial-pop-bem-feito-e-saboroso: 706
(5233925) jc.ne10.uol.com.br/blogs/olhovivo/2015/08/14/ans-suspende-comercializacao-de-73-planos-de-saude-de-15-operadoras: 175, 1046
(5233931) jc.ne10.uol.com.br/blogs/terceiroato/2015/08/14/critica-cassia-eller-e-mais-musica-do-que-teatro: 165, 1201
(5233994) jc.ne10.uol.com.br/blogs/toques/2015/08/16/leo-gandelman-une-o-sambajazz-ao-samba-de-gafieira: 603, 656
(5234014) jc.ne10.uol.com.br/blogs/toques/2015/08/14/nation-beat-aprimora-sua-receita-de-sinfonia-maritima-com-gumbo: 9, 216, 582, 785
(5259588) funenseg.org.br/noticia-detalhes/escola-e-centro-rio-da-onu-assinam-acordo-para-o-desenvolvimento-sustentavel: 868
(5286877) airbnb.com.br/s/Siesta-Key--FL: 4346, 4398
(5350377) blogs.diariodonordeste.com.br/update/page/473: 471
(5517017) iped.com.br/culinaria-gastronomia-e-confeitaria: 1031
(5541679) vagalume.com.br/janelle-monae: 318
(5541932) vagalume.com.br/janelle-monae/babopbyeya.html: 108, 881
(5847022) ufrgs.br/psicopatologia/wiki/index.php?title=Talk:Bem_me_quer,_Mal_me_quer: 2522
(6084300) clickjogos.com.br/jogos/vampire-vision: 191
(6085255) clickjogos.com.br/Jogos-online/Meninas/Baby-Dress-Up: 687
(6501819) tbs.com: 172
(6559677) pinterest.com/thegreatcourses/tasty-technique: 36, 44, 53, 61, 63, 66, 69, 81
(6570260) houstoniamag.com/slideshows/2017/4/19/spring-collabs-you-need-to-know-about: 326
(6603241) houstoniamag.com/articles/2017/4/19/urban-eats-appropriately-urbane-botanical-offerings: 846
(6729620) houstoniamag.com/producers/liz-lopez: 329, 334, 539, 554
(6761212) wsj.com/public/page/news-food-cooking-drink.html: 7061
(6770668) flyglo.com/destination/new-orleans: 187
(6793672) houstoniamag.com/arts-and-culture/benefetes: 441, 446, 733, 748
(6814427) foodnetwork.com/terms: 4354
(6814430) foodnetwork.com/topics: 1076
(6814434) foodnetwork.com/shows/guys-big-bite: 447
(6814925) jennybent.blogspot.com.br/2014: 3007
(6819566) thenourishinggourmet.com/soup-cookbook: 220
(6835270) duendebymadamzozo.com/year-of-travel-2016/?replytocom=1304: 258
(6838403) tbs.com/shows/angie-tribeca/season-3/episode-3/murder-gras.html: 114
(6838404) tbs.com/videos/angie-tribeca/season-3/episode-3/murder-gras.html: 146
(6845716) duendebymadamzozo.com/year-of-travel-2016/?replytocom=1303: 258
(6851020) duendebymadamzozo.com/year-of-travel-2016/?replytocom=2296: 258
(6861484) airbnb.com/s/Galveston?type=house: 1902, 7822, 7826
(6861509) airbnb.com/s/Galveston--TX?type=Villa: 6270
(6867835) healthy-delicious.com/curry-chicken-noodle-soup: 1190, 1255
(6867841) healthy-delicious.com/soups-and-stews: 339
(6890067) thepioneerwoman.com/confessions/outtakes: 668
(6891050) climbinggriermountain.com/2011/12/limos-and-lights.html: 171
(6900591) thewickednoodle.com/19-creative-thanksgiving-leftover-recipes: 581, 587
(6904377) duendebymadamzozo.com/foreign-cuisine-finder-3: 348, 355, 359, 381, 412, 475, 509, 836
(6904382) duendebymadamzozo.com/year-of-travel-2016: 258
(6905047) ebay.com/moda-br/calcados: 1507
(6924304) bbcgoodfood.com/recipes/chicken-gumbo-0: 3, 884, 1262, 1270, 1306, 1311, 1500, 1633, 1637
(6941534) spaceagelovesong3.tumblr.com/page/2: 34
(6950006) writingwithcolor.tumblr.com/archive?before_time=1489428042: 12844
(6950646) viqueen.tumblr.com/archive?before_time=1491769317: 3010
(6963616) itunes.apple.com/us/podcast/the-world-in-words/id279833390?mt=2: 9326, 9327
(6973706) kqed.org/tv: 470
(6976552) intermixonline.com/product/erickson+beamon+moody+blues+earrings.do?sortby=ourPicks: 1450, 1463
(6977251) foodandwine.com/vegetables: 482
(6985036) wishabirdwouldfly.tumblr.com/page/13: 108
(6994696) drackiszunk.tumblr.com/omnomnom: 81
(7018589) monologuin.tumblr.com/archive?before_time=1392341400: 3617
(7065677) association.drupal.org/advertising/hosting: 937
(7066984) jazzday.com/events: 3732, 43506, 43515
(7067994) eventbrite.com/o/the-keystone-neighbourhood-company-1107719133: 313
(7071389) eatturkey.com/recipes: 227
(7087915) va103.tumblr.com/archive?before_time=1402066440: 327
(7088203) dirtycrawfish337.tumblr.com: 8
(7088204) dirtycrawfish337.tumblr.com/post/159662228144: 8
(7088205) dirtycrawfish337.tumblr.com/post/159661885144: 8
(7088206) dirtycrawfish337.tumblr.com/post/159661854599: 8
(7088207) dirtycrawfish337.tumblr.com/post/159606466829: 8
(7088208) dirtycrawfish337.tumblr.com/post/159606438364: 8
(7088209) dirtycrawfish337.tumblr.com/page/3: 8
(7088210) dirtycrawfish337.tumblr.com/post/159661692389: 8
(7088211) dirtycrawfish337.tumblr.com/page/4: 8
(7088212) dirtycrawfish337.tumblr.com/post/159553509459: 8
(7088213) dirtycrawfish337.tumblr.com/post/159553414479: 8
(7088214) dirtycrawfish337.tumblr.com/post/159553530879: 8
(7088215) dirtycrawfish337.tumblr.com/post/159553368444: 8
(7088216) dirtycrawfish337.tumblr.com/post/159553188154: 8
(7088217) dirtycrawfish337.tumblr.com/page/6: 8
(7088218) dirtycrawfish337.tumblr.com/post/159553078679: 8
(7088219) dirtycrawfish337.tumblr.com/page/7: 8
(7088220) dirtycrawfish337.tumblr.com/post/159552291609: 8
(7088221) dirtycrawfish337.tumblr.com/page/1: 8
(7088222) dirtycrawfish337.tumblr.com/post/159587176334: 8
(7088223) dirtycrawfish337.tumblr.com/post/159585291924: 8
(7088224) dirtycrawfish337.tumblr.com/post/159514915454: 8
(7088225) dirtycrawfish337.tumblr.com/post/159662604529: 8
(7088226) dirtycrawfish337.tumblr.com/post/159662581844: 8
(7088227) dirtycrawfish337.tumblr.com/post/159662694979: 8
(7088228) dirtycrawfish337.tumblr.com/post/159661729724: 8
(7088229) dirtycrawfish337.tumblr.com/post/159514904169: 8
(7088230) dirtycrawfish337.tumblr.com/page/9: 8
(7196873) descubrasorocaba.com.br/yoshis-restaurante-japones-sorocaba: 140
(7220097) aultimaarcadenoe.com.br/registros-por-especie: 959
(7264660) foliodigital.com.br/loja/dell-1710n-printer-ink-cartridge: 956
(7299933) orlandoexplorers.com.br/?p=3812: 1208
(7341582) orlandoexplorers.com.br/?p=3812#comment-29: 1208
(7356399) astoriapapeis.com.br/noticia/astoria-lanca-novos-produtos-dentro-de-seu-mix: 178775
(7377197) ogerente.com.br/rede-de-sites-o-gerente: 605
(7378623) ogerente.com.br/rede-de-sites-o-gerente/#respond: 605
(7484822) descubrasorocaba.com.br/zafrica-festival-abaporu: 185
(7529463) aovivo.paulinbrazil.com.br/over-the-counter-ed-treatment: 3065
(7624672) astoriapapeis.com.br/noticia/astoria-marca-a-passagem-de-seus-35-anos-de-sucesso-com-almoco-reunindo-seus-colaboradores: 81277
(7649075) casalcozinha.com.br/glossario/engrossar: 193
(7729436) novo.infojoia.com.br/over-the-counter-replacement-for-hydrochlorothiazide: 2299
(7787214) festivalsescdeinverno.com.br/galeria-transparente-tempo-virtual-tempo-real-desafia-a-nocao-de-tempo-e-espaco: 33563
(7798450) livrosechocolatequente.com.br/2014/03: 6647
(7801055) novo.infojoia.com.br/define-albuterol-nebulizers: 3325
(7814111) eduardogazoni.com.br/?canadain-meds: 917
(7842258) eduardogazoni.com.br/?viagra-with-a-script: 266
(7933116) festivalsescdeinverno.com.br/dia-dos-pais-no-festival-de-inverno-confira-a-programacao-completa: 22196
(7952005) guill.com.br/cheap-lamictal-online-canada: 372
(7996168) mezzomondo.com.br/tag/criancas: 227
(7997577) papodehomem.com.br/geladeiras-de-nova-orleans: 553, 555
(8022525) foliodigital.com.br/loja/how-can-paper-and-printer-cartridges-be-recycled: 1496
(8026658) doeseulixo.org.br/accutane-canadian-pharmacies: 1778
(8058110) doeseulixo.org.br/how-long-should-you-take-celebrex: 458
Doc frequency: 1349
Occurrences: 2095
The search took: 44 ms
Query >> exit
